#
# There is insufficient memory for the Java Runtime Environment to continue.
# Native memory allocation (mmap) failed to map 65536 bytes for Failed to commit metaspace.
# Possible reasons:
#   The system is out of physical RAM or swap space
#   The process is running with CompressedOops enabled, and the Java Heap may be blocking the growth of the native heap
# Possible solutions:
#   Reduce memory load on the system
#   Increase physical memory or swap space
#   Check if swap backing store is full
#   Decrease Java heap size (-Xmx/-Xms)
#   Decrease number of Java threads
#   Decrease Java thread stack sizes (-Xss)
#   Set larger code cache with -XX:ReservedCodeCacheSize=
#   JVM is running with Unscaled Compressed Oops mode in which the Java heap is
#     placed in the first 4GB address space. The Java Heap base address is the
#     maximum limit for the native heap growth. Please use -XX:HeapBaseMinAddress
#     to set the Java Heap base and to place the Java Heap above 4GB virtual address.
# This output file may be truncated or incomplete.
#
#  Out of Memory Error (virtualSpaceNode.cpp:110), pid=15756, tid=3316
#
# JRE version: OpenJDK Runtime Environment Temurin-17.0.5+8 (17.0.5+8) (build 17.0.5+8)
# Java VM: OpenJDK 64-Bit Server VM Temurin-17.0.5+8 (17.0.5+8, mixed mode, emulated-client, sharing, tiered, compressed oops, compressed class ptrs, g1 gc, windows-amd64)
# No core dump will be written. Minidumps are not enabled by default on client versions of Windows
#

---------------  S U M M A R Y ------------

Command Line: -XX:TieredStopAtLevel=1 -Dspring.output.ansi.enabled=always -Dcom.sun.management.jmxremote -Dspring.jmx.enabled=true -Dspring.liveBeansView.mbeanDomain -Dspring.application.admin.enabled=true -Dmanagement.endpoints.jmx.exposure.include=* -javaagent:D:\IntelliJ IDEA 2023.2.5\lib\idea_rt.jar=60363:D:\IntelliJ IDEA 2023.2.5\bin -Dfile.encoding=UTF-8 com.example.pbl04.Pbl04Application

Host: 11th Gen Intel(R) Core(TM) i5-1135G7 @ 2.40GHz, 8 cores, 7G,  Windows 10 , 64 bit Build 19041 (10.0.19041.3636)
Time: Wed Dec 27 19:30:48 2023 SE Asia Standard Time elapsed time: 1.653694 seconds (0d 0h 0m 1s)

---------------  T H R E A D  ---------------

Current thread (0x0000028129cc62e0):  JavaThread "restartedMain" [_thread_in_vm, id=3316, stack(0x000000db42e00000,0x000000db42f00000)]

Stack: [0x000000db42e00000,0x000000db42f00000]
Native frames: (J=compiled Java code, j=interpreted, Vv=VM code, C=native code)
V  [jvm.dll+0x676b3a]
V  [jvm.dll+0x831444]
V  [jvm.dll+0x832bee]
V  [jvm.dll+0x833253]
V  [jvm.dll+0x244ce5]
V  [jvm.dll+0x82d4db]
V  [jvm.dll+0x61b2f6]
V  [jvm.dll+0x1bfd2e]
V  [jvm.dll+0x61dc41]
V  [jvm.dll+0x61bc96]
V  [jvm.dll+0x23a786]
V  [jvm.dll+0x1ea39d]
V  [jvm.dll+0x1dfdd1]
V  [jvm.dll+0x53be30]
V  [jvm.dll+0x7ac5a8]
V  [jvm.dll+0x7ac694]
V  [jvm.dll+0x40ba25]
V  [jvm.dll+0x411bb8]
C  [java.dll+0x17ec]

Java frames: (J=compiled Java code, j=interpreted, Vv=VM code)
J 1139  java.lang.ClassLoader.defineClass1(Ljava/lang/ClassLoader;Ljava/lang/String;[BIILjava/security/ProtectionDomain;Ljava/lang/String;)Ljava/lang/Class; java.base@17.0.5 (0 bytes) @ 0x000002811e7193e3 [0x000002811e719320+0x00000000000000c3]
J 1284 c1 java.lang.ClassLoader.defineClass(Ljava/lang/String;[BIILjava/security/ProtectionDomain;)Ljava/lang/Class; java.base@17.0.5 (43 bytes) @ 0x000002811e7536dc [0x000002811e7535e0+0x00000000000000fc]
J 1146 c1 jdk.internal.loader.BuiltinClassLoader.defineClass(Ljava/lang/String;Ljdk/internal/loader/Resource;)Ljava/lang/Class; java.base@17.0.5 (121 bytes) @ 0x000002811e720de4 [0x000002811e720920+0x00000000000004c4]
J 1144 c1 jdk.internal.loader.BuiltinClassLoader.findClassOnClassPathOrNull(Ljava/lang/String;)Ljava/lang/Class; java.base@17.0.5 (64 bytes) @ 0x000002811e71edb4 [0x000002811e71eb00+0x00000000000002b4]
J 913 c1 jdk.internal.loader.BuiltinClassLoader.loadClassOrNull(Ljava/lang/String;Z)Ljava/lang/Class; java.base@17.0.5 (143 bytes) @ 0x000002811e6b6cdc [0x000002811e6b6880+0x000000000000045c]
J 1024 c1 jdk.internal.loader.ClassLoaders$AppClassLoader.loadClass(Ljava/lang/String;Z)Ljava/lang/Class; java.base@17.0.5 (40 bytes) @ 0x000002811e6eba24 [0x000002811e6eb8e0+0x0000000000000144]
J 1023 c1 java.lang.ClassLoader.loadClass(Ljava/lang/String;)Ljava/lang/Class; java.base@17.0.5 (7 bytes) @ 0x000002811e6ea9e4 [0x000002811e6ea9a0+0x0000000000000044]
v  ~StubRoutines::call_stub
j  org.springframework.beans.factory.support.AbstractBeanFactory.requiresDestruction(Ljava/lang/Object;Lorg/springframework/beans/factory/support/RootBeanDefinition;)Z+12
j  org.springframework.beans.factory.support.AbstractBeanFactory.registerDisposableBeanIfNecessary(Ljava/lang/String;Ljava/lang/Object;Lorg/springframework/beans/factory/support/RootBeanDefinition;)V+10
j  org.springframework.beans.factory.support.AbstractAutowireCapableBeanFactory.doCreateBean(Ljava/lang/String;Lorg/springframework/beans/factory/support/RootBeanDefinition;[Ljava/lang/Object;)Ljava/lang/Object;+440
j  org.springframework.beans.factory.support.AbstractAutowireCapableBeanFactory.createBean(Ljava/lang/String;Lorg/springframework/beans/factory/support/RootBeanDefinition;[Ljava/lang/Object;)Ljava/lang/Object;+153
j  org.springframework.beans.factory.support.AbstractBeanFactory.lambda$doGetBean$0(Ljava/lang/String;Lorg/springframework/beans/factory/support/RootBeanDefinition;[Ljava/lang/Object;)Ljava/lang/Object;+4
j  org.springframework.beans.factory.support.AbstractBeanFactory$$Lambda$351+0x0000000800dde188.getObject()Ljava/lang/Object;+16
j  org.springframework.beans.factory.support.DefaultSingletonBeanRegistry.getSingleton(Ljava/lang/String;Lorg/springframework/beans/factory/ObjectFactory;)Ljava/lang/Object;+114
j  org.springframework.beans.factory.support.AbstractBeanFactory.doGetBean(Ljava/lang/String;Ljava/lang/Class;[Ljava/lang/Object;Z)Ljava/lang/Object;+429
j  org.springframework.beans.factory.support.AbstractBeanFactory.getBean(Ljava/lang/String;)Ljava/lang/Object;+5
j  org.springframework.beans.factory.support.BeanDefinitionValueResolver.resolveReference(Ljava/lang/Object;Lorg/springframework/beans/factory/config/RuntimeBeanReference;)Ljava/lang/Object;+145
j  org.springframework.beans.factory.support.BeanDefinitionValueResolver.resolveValueIfNecessary(Ljava/lang/Object;Ljava/lang/Object;)Ljava/lang/Object;+15
j  org.springframework.beans.factory.support.AbstractAutowireCapableBeanFactory.applyPropertyValues(Ljava/lang/String;Lorg/springframework/beans/factory/config/BeanDefinition;Lorg/springframework/beans/BeanWrapper;Lorg/springframework/beans/PropertyValues;)V+274
j  org.springframework.beans.factory.support.AbstractAutowireCapableBeanFactory.populateBean(Ljava/lang/String;Lorg/springframework/beans/factory/support/RootBeanDefinition;Lorg/springframework/beans/BeanWrapper;)V+351
j  org.springframework.beans.factory.support.AbstractAutowireCapableBeanFactory.doCreateBean(Ljava/lang/String;Lorg/springframework/beans/factory/support/RootBeanDefinition;[Ljava/lang/Object;)Ljava/lang/Object;+220
j  org.springframework.beans.factory.support.AbstractAutowireCapableBeanFactory.createBean(Ljava/lang/String;Lorg/springframework/beans/factory/support/RootBeanDefinition;[Ljava/lang/Object;)Ljava/lang/Object;+153
j  org.springframework.beans.factory.support.AbstractBeanFactory.lambda$doGetBean$0(Ljava/lang/String;Lorg/springframework/beans/factory/support/RootBeanDefinition;[Ljava/lang/Object;)Ljava/lang/Object;+4
j  org.springframework.beans.factory.support.AbstractBeanFactory$$Lambda$351+0x0000000800dde188.getObject()Ljava/lang/Object;+16
j  org.springframework.beans.factory.support.DefaultSingletonBeanRegistry.getSingleton(Ljava/lang/String;Lorg/springframework/beans/factory/ObjectFactory;)Ljava/lang/Object;+114
j  org.springframework.beans.factory.support.AbstractBeanFactory.doGetBean(Ljava/lang/String;Ljava/lang/Class;[Ljava/lang/Object;Z)Ljava/lang/Object;+429
j  org.springframework.beans.factory.support.AbstractBeanFactory.getBean(Ljava/lang/String;Ljava/lang/Class;)Ljava/lang/Object;+5
j  org.springframework.context.support.PostProcessorRegistrationDelegate.invokeBeanFactoryPostProcessors(Lorg/springframework/beans/factory/config/ConfigurableListableBeanFactory;Ljava/util/List;)V+184
j  org.springframework.context.support.AbstractApplicationContext.invokeBeanFactoryPostProcessors(Lorg/springframework/beans/factory/config/ConfigurableListableBeanFactory;)V+5
j  org.springframework.context.support.AbstractApplicationContext.refresh()V+53
j  org.springframework.boot.web.servlet.context.ServletWebServerApplicationContext.refresh()V+1
j  org.springframework.boot.SpringApplication.refresh(Lorg/springframework/context/ConfigurableApplicationContext;)V+1
j  org.springframework.boot.SpringApplication.refreshContext(Lorg/springframework/context/ConfigurableApplicationContext;)V+16
j  org.springframework.boot.SpringApplication.run([Ljava/lang/String;)Lorg/springframework/context/ConfigurableApplicationContext;+110
j  org.springframework.boot.SpringApplication.run([Ljava/lang/Class;[Ljava/lang/String;)Lorg/springframework/context/ConfigurableApplicationContext;+9
j  org.springframework.boot.SpringApplication.run(Ljava/lang/Class;[Ljava/lang/String;)Lorg/springframework/context/ConfigurableApplicationContext;+9
j  com.example.pbl04.Pbl04Application.main([Ljava/lang/String;)V+3
v  ~StubRoutines::call_stub
j  jdk.internal.reflect.NativeMethodAccessorImpl.invoke0(Ljava/lang/reflect/Method;Ljava/lang/Object;[Ljava/lang/Object;)Ljava/lang/Object;+0 java.base@17.0.5
j  jdk.internal.reflect.NativeMethodAccessorImpl.invoke(Ljava/lang/Object;[Ljava/lang/Object;)Ljava/lang/Object;+133 java.base@17.0.5
j  jdk.internal.reflect.DelegatingMethodAccessorImpl.invoke(Ljava/lang/Object;[Ljava/lang/Object;)Ljava/lang/Object;+6 java.base@17.0.5
j  java.lang.reflect.Method.invoke(Ljava/lang/Object;[Ljava/lang/Object;)Ljava/lang/Object;+59 java.base@17.0.5
j  org.springframework.boot.devtools.restart.RestartLauncher.run()V+47
v  ~StubRoutines::call_stub

---------------  P R O C E S S  ---------------

Threads class SMR info:
_java_thread_list=0x000002812b042b10, length=17, elements={
0x000002811686a230, 0x000002812885a2f0, 0x000002812885aca0, 0x000002812886c530,
0x0000028128870ef0, 0x00000281288718a0, 0x0000028128874260, 0x0000028128875cd0,
0x00000281288766c0, 0x0000028128846270, 0x00000281294a1130, 0x00000281294a58e0,
0x0000028129811240, 0x00000281298118b0, 0x000002812999e8f0, 0x0000028129cc5990,
0x0000028129cc62e0
}

Java Threads: ( => current thread )
  0x000002811686a230 JavaThread "main" [_thread_blocked, id=3756, stack(0x000000db41700000,0x000000db41800000)]
  0x000002812885a2f0 JavaThread "Reference Handler" daemon [_thread_blocked, id=15020, stack(0x000000db41e00000,0x000000db41f00000)]
  0x000002812885aca0 JavaThread "Finalizer" daemon [_thread_blocked, id=17548, stack(0x000000db41f00000,0x000000db42000000)]
  0x000002812886c530 JavaThread "Signal Dispatcher" daemon [_thread_blocked, id=5948, stack(0x000000db42000000,0x000000db42100000)]
  0x0000028128870ef0 JavaThread "Attach Listener" daemon [_thread_blocked, id=7812, stack(0x000000db42100000,0x000000db42200000)]
  0x00000281288718a0 JavaThread "Service Thread" daemon [_thread_blocked, id=1084, stack(0x000000db42200000,0x000000db42300000)]
  0x0000028128874260 JavaThread "Monitor Deflation Thread" daemon [_thread_blocked, id=5248, stack(0x000000db42300000,0x000000db42400000)]
  0x0000028128875cd0 JavaThread "C1 CompilerThread0" daemon [_thread_blocked, id=17592, stack(0x000000db42400000,0x000000db42500000)]
  0x00000281288766c0 JavaThread "Sweeper thread" daemon [_thread_blocked, id=4664, stack(0x000000db42500000,0x000000db42600000)]
  0x0000028128846270 JavaThread "Common-Cleaner" daemon [_thread_blocked, id=11268, stack(0x000000db42600000,0x000000db42700000)]
  0x00000281294a1130 JavaThread "C1 CompilerThread1" daemon [_thread_blocked, id=16048, stack(0x000000db42700000,0x000000db42800000)]
  0x00000281294a58e0 JavaThread "C1 CompilerThread2" daemon [_thread_blocked, id=11560, stack(0x000000db42800000,0x000000db42900000)]
  0x0000028129811240 JavaThread "Monitor Ctrl-Break" daemon [_thread_in_native, id=8056, stack(0x000000db42900000,0x000000db42a00000)]
  0x00000281298118b0 JavaThread "Notification Thread" daemon [_thread_blocked, id=15212, stack(0x000000db42a00000,0x000000db42b00000)]
  0x000002812999e8f0 JavaThread "RMI TCP Accept-0" daemon [_thread_in_native, id=8508, stack(0x000000db42b00000,0x000000db42c00000)]
  0x0000028129cc5990 JavaThread "Thread-0" [_thread_blocked, id=13524, stack(0x000000db42d00000,0x000000db42e00000)]
=>0x0000028129cc62e0 JavaThread "restartedMain" [_thread_in_vm, id=3316, stack(0x000000db42e00000,0x000000db42f00000)]

Other Threads:
  0x0000028128855090 VMThread "VM Thread" [stack: 0x000000db41d00000,0x000000db41e00000] [id=8360]
  0x000002811686b1e0 WatcherThread [stack: 0x000000db42c00000,0x000000db42d00000] [id=18184]
  0x00000281168c28e0 GCTaskThread "GC Thread#0" [stack: 0x000000db41800000,0x000000db41900000] [id=14268]
  0x0000028129c61600 GCTaskThread "GC Thread#1" [stack: 0x000000db42f00000,0x000000db43000000] [id=2684]
  0x0000028129d31640 GCTaskThread "GC Thread#2" [stack: 0x000000db43000000,0x000000db43100000] [id=16716]
  0x0000028129d318f0 GCTaskThread "GC Thread#3" [stack: 0x000000db43100000,0x000000db43200000] [id=11140]
  0x0000028129d31ba0 GCTaskThread "GC Thread#4" [stack: 0x000000db43200000,0x000000db43300000] [id=12272]
  0x0000028129c618b0 GCTaskThread "GC Thread#5" [stack: 0x000000db43300000,0x000000db43400000] [id=4620]
  0x0000028129d581c0 GCTaskThread "GC Thread#6" [stack: 0x000000db43400000,0x000000db43500000] [id=6244]
  0x0000028129f693d0 GCTaskThread "GC Thread#7" [stack: 0x000000db43800000,0x000000db43900000] [id=4964]
  0x00000281168d3fb0 ConcurrentGCThread "G1 Main Marker" [stack: 0x000000db41900000,0x000000db41a00000] [id=2128]
  0x00000281168d59d0 ConcurrentGCThread "G1 Conc#0" [stack: 0x000000db41a00000,0x000000db41b00000] [id=1188]
  0x00000281287024b0 ConcurrentGCThread "G1 Refine#0" [stack: 0x000000db41b00000,0x000000db41c00000] [id=12488]
  0x0000028129cfd680 ConcurrentGCThread "G1 Refine#1" [stack: 0x000000db43500000,0x000000db43600000] [id=16696]
  0x0000028129c61fe0 ConcurrentGCThread "G1 Refine#2" [stack: 0x000000db43600000,0x000000db43700000] [id=13728]
  0x000002811692c700 ConcurrentGCThread "G1 Service" [stack: 0x000000db41c00000,0x000000db41d00000] [id=17672]

Threads with active compile tasks:

VM state: not at safepoint (normal execution)

VM Mutex/Monitor currently owned by a thread:  ([mutex/lock_event])
[0x00000281168648d0] Metaspace_lock - owner thread: 0x0000028129cc62e0

OutOfMemory and StackOverflow Exception counts:
OutOfMemoryError java_heap_errors=3
LinkageErrors=48

Heap address: 0x0000000084400000, size: 1980 MB, Compressed Oops mode: 32-bit

CDS archive(s) mapped at: [0x0000000800000000-0x0000000800bc0000-0x0000000800bc0000), size 12320768, SharedBaseAddress: 0x0000000800000000, ArchiveRelocationMode: 0.
Compressed class space mapped at: 0x0000000800c00000-0x0000000840c00000, reserved size: 1073741824
Narrow klass base: 0x0000000800000000, Narrow klass shift: 0, Narrow klass range: 0x100000000

GC Precious Log:
 CPUs: 8 total, 8 available
 Memory: 7914M
 Large Page Support: Disabled
 NUMA Support: Disabled
 Compressed Oops: Enabled (32-bit)
 Heap Region Size: 1M
 Heap Min Capacity: 8M
 Heap Initial Capacity: 124M
 Heap Max Capacity: 1980M
 Pre-touch: Disabled
 Parallel Workers: 8
 Concurrent Workers: 2
 Concurrent Refinement Workers: 8
 Periodic GC: Disabled

Heap:
 garbage-first heap   total 126976K, used 16342K [0x0000000084400000, 0x0000000100000000)
  region size 1024K, 10 young (10240K), 2 survivors (2048K)
 Metaspace       used 14162K, committed 14464K, reserved 1064960K
  class space    used 1885K, committed 2048K, reserved 1048576K

Heap Regions: E=young(eden), S=young(survivor), O=old, HS=humongous(starts), HC=humongous(continues), CS=collection set, F=free, OA=open archive, CA=closed archive, TAMS=top-at-mark-start (previous, next)
|   0|0x0000000084400000, 0x0000000084500000, 0x0000000084500000|100%|HS|  |TAMS 0x0000000084400000, 0x0000000084400000| Complete 
|   1|0x0000000084500000, 0x0000000084600000, 0x0000000084600000|100%| O|  |TAMS 0x0000000084500000, 0x0000000084500000| Untracked 
|   2|0x0000000084600000, 0x0000000084700000, 0x0000000084700000|100%| O|  |TAMS 0x0000000084600000, 0x0000000084600000| Untracked 
|   3|0x0000000084700000, 0x0000000084800000, 0x0000000084800000|100%| O|  |TAMS 0x0000000084700000, 0x0000000084700000| Untracked 
|   4|0x0000000084800000, 0x0000000084900000, 0x0000000084900000|100%| O|  |TAMS 0x0000000084800000, 0x0000000084800000| Untracked 
|   5|0x0000000084900000, 0x0000000084a00000, 0x0000000084a00000|100%| O|  |TAMS 0x0000000084900000, 0x0000000084900000| Untracked 
|   6|0x0000000084a00000, 0x0000000084b00000, 0x0000000084b00000|100%| O|  |TAMS 0x0000000084a00000, 0x0000000084a00000| Untracked 
|   7|0x0000000084b00000, 0x0000000084b00000, 0x0000000084c00000|  0%| F|  |TAMS 0x0000000084b00000, 0x0000000084b00000| Untracked 
|   8|0x0000000084c00000, 0x0000000084c00000, 0x0000000084d00000|  0%| F|  |TAMS 0x0000000084c00000, 0x0000000084c00000| Untracked 
|   9|0x0000000084d00000, 0x0000000084d00000, 0x0000000084e00000|  0%| F|  |TAMS 0x0000000084d00000, 0x0000000084d00000| Untracked 
|  10|0x0000000084e00000, 0x0000000084e00000, 0x0000000084f00000|  0%| F|  |TAMS 0x0000000084e00000, 0x0000000084e00000| Untracked 
|  11|0x0000000084f00000, 0x0000000084f00000, 0x0000000085000000|  0%| F|  |TAMS 0x0000000084f00000, 0x0000000084f00000| Untracked 
|  12|0x0000000085000000, 0x0000000085000000, 0x0000000085100000|  0%| F|  |TAMS 0x0000000085000000, 0x0000000085000000| Untracked 
|  13|0x0000000085100000, 0x0000000085100000, 0x0000000085200000|  0%| F|  |TAMS 0x0000000085100000, 0x0000000085100000| Untracked 
|  14|0x0000000085200000, 0x0000000085200000, 0x0000000085300000|  0%| F|  |TAMS 0x0000000085200000, 0x0000000085200000| Untracked 
|  15|0x0000000085300000, 0x0000000085300000, 0x0000000085400000|  0%| F|  |TAMS 0x0000000085300000, 0x0000000085300000| Untracked 
|  16|0x0000000085400000, 0x0000000085400000, 0x0000000085500000|  0%| F|  |TAMS 0x0000000085400000, 0x0000000085400000| Untracked 
|  17|0x0000000085500000, 0x0000000085500000, 0x0000000085600000|  0%| F|  |TAMS 0x0000000085500000, 0x0000000085500000| Untracked 
|  18|0x0000000085600000, 0x0000000085600000, 0x0000000085700000|  0%| F|  |TAMS 0x0000000085600000, 0x0000000085600000| Untracked 
|  19|0x0000000085700000, 0x0000000085700000, 0x0000000085800000|  0%| F|  |TAMS 0x0000000085700000, 0x0000000085700000| Untracked 
|  20|0x0000000085800000, 0x0000000085800000, 0x0000000085900000|  0%| F|  |TAMS 0x0000000085800000, 0x0000000085800000| Untracked 
|  21|0x0000000085900000, 0x0000000085900000, 0x0000000085a00000|  0%| F|  |TAMS 0x0000000085900000, 0x0000000085900000| Untracked 
|  22|0x0000000085a00000, 0x0000000085a00000, 0x0000000085b00000|  0%| F|  |TAMS 0x0000000085a00000, 0x0000000085a00000| Untracked 
|  23|0x0000000085b00000, 0x0000000085b00000, 0x0000000085c00000|  0%| F|  |TAMS 0x0000000085b00000, 0x0000000085b00000| Untracked 
|  24|0x0000000085c00000, 0x0000000085c00000, 0x0000000085d00000|  0%| F|  |TAMS 0x0000000085c00000, 0x0000000085c00000| Untracked 
|  25|0x0000000085d00000, 0x0000000085d00000, 0x0000000085e00000|  0%| F|  |TAMS 0x0000000085d00000, 0x0000000085d00000| Untracked 
|  26|0x0000000085e00000, 0x0000000085e00000, 0x0000000085f00000|  0%| F|  |TAMS 0x0000000085e00000, 0x0000000085e00000| Untracked 
|  27|0x0000000085f00000, 0x0000000085f00000, 0x0000000086000000|  0%| F|  |TAMS 0x0000000085f00000, 0x0000000085f00000| Untracked 
|  28|0x0000000086000000, 0x0000000086000000, 0x0000000086100000|  0%| F|  |TAMS 0x0000000086000000, 0x0000000086000000| Untracked 
|  29|0x0000000086100000, 0x0000000086100000, 0x0000000086200000|  0%| F|  |TAMS 0x0000000086100000, 0x0000000086100000| Untracked 
|  30|0x0000000086200000, 0x0000000086200000, 0x0000000086300000|  0%| F|  |TAMS 0x0000000086200000, 0x0000000086200000| Untracked 
|  31|0x0000000086300000, 0x0000000086300000, 0x0000000086400000|  0%| F|  |TAMS 0x0000000086300000, 0x0000000086300000| Untracked 
|  32|0x0000000086400000, 0x0000000086400000, 0x0000000086500000|  0%| F|  |TAMS 0x0000000086400000, 0x0000000086400000| Untracked 
|  33|0x0000000086500000, 0x0000000086500000, 0x0000000086600000|  0%| F|  |TAMS 0x0000000086500000, 0x0000000086500000| Untracked 
|  34|0x0000000086600000, 0x0000000086600000, 0x0000000086700000|  0%| F|  |TAMS 0x0000000086600000, 0x0000000086600000| Untracked 
|  35|0x0000000086700000, 0x0000000086700000, 0x0000000086800000|  0%| F|  |TAMS 0x0000000086700000, 0x0000000086700000| Untracked 
|  36|0x0000000086800000, 0x0000000086800000, 0x0000000086900000|  0%| F|  |TAMS 0x0000000086800000, 0x0000000086800000| Untracked 
|  37|0x0000000086900000, 0x0000000086900000, 0x0000000086a00000|  0%| F|  |TAMS 0x0000000086900000, 0x0000000086900000| Untracked 
|  38|0x0000000086a00000, 0x0000000086a00000, 0x0000000086b00000|  0%| F|  |TAMS 0x0000000086a00000, 0x0000000086a00000| Untracked 
|  39|0x0000000086b00000, 0x0000000086b00000, 0x0000000086c00000|  0%| F|  |TAMS 0x0000000086b00000, 0x0000000086b00000| Untracked 
|  40|0x0000000086c00000, 0x0000000086c00000, 0x0000000086d00000|  0%| F|  |TAMS 0x0000000086c00000, 0x0000000086c00000| Untracked 
|  41|0x0000000086d00000, 0x0000000086d00000, 0x0000000086e00000|  0%| F|  |TAMS 0x0000000086d00000, 0x0000000086d00000| Untracked 
|  42|0x0000000086e00000, 0x0000000086e00000, 0x0000000086f00000|  0%| F|  |TAMS 0x0000000086e00000, 0x0000000086e00000| Untracked 
|  43|0x0000000086f00000, 0x0000000086f00000, 0x0000000087000000|  0%| F|  |TAMS 0x0000000086f00000, 0x0000000086f00000| Untracked 
|  44|0x0000000087000000, 0x0000000087000000, 0x0000000087100000|  0%| F|  |TAMS 0x0000000087000000, 0x0000000087000000| Untracked 
|  45|0x0000000087100000, 0x0000000087100000, 0x0000000087200000|  0%| F|  |TAMS 0x0000000087100000, 0x0000000087100000| Untracked 
|  46|0x0000000087200000, 0x0000000087200000, 0x0000000087300000|  0%| F|  |TAMS 0x0000000087200000, 0x0000000087200000| Untracked 
|  47|0x0000000087300000, 0x0000000087300000, 0x0000000087400000|  0%| F|  |TAMS 0x0000000087300000, 0x0000000087300000| Untracked 
|  48|0x0000000087400000, 0x0000000087400000, 0x0000000087500000|  0%| F|  |TAMS 0x0000000087400000, 0x0000000087400000| Untracked 
|  49|0x0000000087500000, 0x0000000087500000, 0x0000000087600000|  0%| F|  |TAMS 0x0000000087500000, 0x0000000087500000| Untracked 
|  50|0x0000000087600000, 0x0000000087600000, 0x0000000087700000|  0%| F|  |TAMS 0x0000000087600000, 0x0000000087600000| Untracked 
|  51|0x0000000087700000, 0x0000000087700000, 0x0000000087800000|  0%| F|  |TAMS 0x0000000087700000, 0x0000000087700000| Untracked 
|  52|0x0000000087800000, 0x0000000087800000, 0x0000000087900000|  0%| F|  |TAMS 0x0000000087800000, 0x0000000087800000| Untracked 
|  53|0x0000000087900000, 0x0000000087900000, 0x0000000087a00000|  0%| F|  |TAMS 0x0000000087900000, 0x0000000087900000| Untracked 
|  54|0x0000000087a00000, 0x0000000087a00000, 0x0000000087b00000|  0%| F|  |TAMS 0x0000000087a00000, 0x0000000087a00000| Untracked 
|  55|0x0000000087b00000, 0x0000000087b00000, 0x0000000087c00000|  0%| F|  |TAMS 0x0000000087b00000, 0x0000000087b00000| Untracked 
|  56|0x0000000087c00000, 0x0000000087c00000, 0x0000000087d00000|  0%| F|  |TAMS 0x0000000087c00000, 0x0000000087c00000| Untracked 
|  57|0x0000000087d00000, 0x0000000087d00000, 0x0000000087e00000|  0%| F|  |TAMS 0x0000000087d00000, 0x0000000087d00000| Untracked 
|  58|0x0000000087e00000, 0x0000000087e00000, 0x0000000087f00000|  0%| F|  |TAMS 0x0000000087e00000, 0x0000000087e00000| Untracked 
|  59|0x0000000087f00000, 0x0000000087f00000, 0x0000000088000000|  0%| F|  |TAMS 0x0000000087f00000, 0x0000000087f00000| Untracked 
|  60|0x0000000088000000, 0x0000000088000000, 0x0000000088100000|  0%| F|  |TAMS 0x0000000088000000, 0x0000000088000000| Untracked 
|  61|0x0000000088100000, 0x0000000088100000, 0x0000000088200000|  0%| F|  |TAMS 0x0000000088100000, 0x0000000088100000| Untracked 
|  62|0x0000000088200000, 0x0000000088200000, 0x0000000088300000|  0%| F|  |TAMS 0x0000000088200000, 0x0000000088200000| Untracked 
|  63|0x0000000088300000, 0x0000000088300000, 0x0000000088400000|  0%| F|  |TAMS 0x0000000088300000, 0x0000000088300000| Untracked 
|  64|0x0000000088400000, 0x0000000088400000, 0x0000000088500000|  0%| F|  |TAMS 0x0000000088400000, 0x0000000088400000| Untracked 
|  65|0x0000000088500000, 0x0000000088500000, 0x0000000088600000|  0%| F|  |TAMS 0x0000000088500000, 0x0000000088500000| Untracked 
|  66|0x0000000088600000, 0x0000000088600000, 0x0000000088700000|  0%| F|  |TAMS 0x0000000088600000, 0x0000000088600000| Untracked 
|  67|0x0000000088700000, 0x0000000088700000, 0x0000000088800000|  0%| F|  |TAMS 0x0000000088700000, 0x0000000088700000| Untracked 
|  68|0x0000000088800000, 0x0000000088800000, 0x0000000088900000|  0%| F|  |TAMS 0x0000000088800000, 0x0000000088800000| Untracked 
|  69|0x0000000088900000, 0x0000000088900000, 0x0000000088a00000|  0%| F|  |TAMS 0x0000000088900000, 0x0000000088900000| Untracked 
|  70|0x0000000088a00000, 0x0000000088a00000, 0x0000000088b00000|  0%| F|  |TAMS 0x0000000088a00000, 0x0000000088a00000| Untracked 
|  71|0x0000000088b00000, 0x0000000088b00000, 0x0000000088c00000|  0%| F|  |TAMS 0x0000000088b00000, 0x0000000088b00000| Untracked 
|  72|0x0000000088c00000, 0x0000000088c00000, 0x0000000088d00000|  0%| F|  |TAMS 0x0000000088c00000, 0x0000000088c00000| Untracked 
|  73|0x0000000088d00000, 0x0000000088d00000, 0x0000000088e00000|  0%| F|  |TAMS 0x0000000088d00000, 0x0000000088d00000| Untracked 
|  74|0x0000000088e00000, 0x0000000088e00000, 0x0000000088f00000|  0%| F|  |TAMS 0x0000000088e00000, 0x0000000088e00000| Untracked 
|  75|0x0000000088f00000, 0x0000000088f00000, 0x0000000089000000|  0%| F|  |TAMS 0x0000000088f00000, 0x0000000088f00000| Untracked 
|  76|0x0000000089000000, 0x0000000089000000, 0x0000000089100000|  0%| F|  |TAMS 0x0000000089000000, 0x0000000089000000| Untracked 
|  77|0x0000000089100000, 0x0000000089100000, 0x0000000089200000|  0%| F|  |TAMS 0x0000000089100000, 0x0000000089100000| Untracked 
|  78|0x0000000089200000, 0x0000000089200000, 0x0000000089300000|  0%| F|  |TAMS 0x0000000089200000, 0x0000000089200000| Untracked 
|  79|0x0000000089300000, 0x0000000089300000, 0x0000000089400000|  0%| F|  |TAMS 0x0000000089300000, 0x0000000089300000| Untracked 
|  80|0x0000000089400000, 0x0000000089400000, 0x0000000089500000|  0%| F|  |TAMS 0x0000000089400000, 0x0000000089400000| Untracked 
|  81|0x0000000089500000, 0x0000000089500000, 0x0000000089600000|  0%| F|  |TAMS 0x0000000089500000, 0x0000000089500000| Untracked 
|  82|0x0000000089600000, 0x0000000089600000, 0x0000000089700000|  0%| F|  |TAMS 0x0000000089600000, 0x0000000089600000| Untracked 
|  83|0x0000000089700000, 0x0000000089700000, 0x0000000089800000|  0%| F|  |TAMS 0x0000000089700000, 0x0000000089700000| Untracked 
|  84|0x0000000089800000, 0x0000000089800000, 0x0000000089900000|  0%| F|  |TAMS 0x0000000089800000, 0x0000000089800000| Untracked 
|  85|0x0000000089900000, 0x0000000089900000, 0x0000000089a00000|  0%| F|  |TAMS 0x0000000089900000, 0x0000000089900000| Untracked 
|  86|0x0000000089a00000, 0x0000000089a00000, 0x0000000089b00000|  0%| F|  |TAMS 0x0000000089a00000, 0x0000000089a00000| Untracked 
|  87|0x0000000089b00000, 0x0000000089b00000, 0x0000000089c00000|  0%| F|  |TAMS 0x0000000089b00000, 0x0000000089b00000| Untracked 
|  88|0x0000000089c00000, 0x0000000089c00000, 0x0000000089d00000|  0%| F|  |TAMS 0x0000000089c00000, 0x0000000089c00000| Untracked 
|  89|0x0000000089d00000, 0x0000000089d00000, 0x0000000089e00000|  0%| F|  |TAMS 0x0000000089d00000, 0x0000000089d00000| Untracked 
|  90|0x0000000089e00000, 0x0000000089e00000, 0x0000000089f00000|  0%| F|  |TAMS 0x0000000089e00000, 0x0000000089e00000| Untracked 
|  91|0x0000000089f00000, 0x0000000089f00000, 0x000000008a000000|  0%| F|  |TAMS 0x0000000089f00000, 0x0000000089f00000| Untracked 
|  92|0x000000008a000000, 0x000000008a000000, 0x000000008a100000|  0%| F|  |TAMS 0x000000008a000000, 0x000000008a000000| Untracked 
|  93|0x000000008a100000, 0x000000008a100000, 0x000000008a200000|  0%| F|  |TAMS 0x000000008a100000, 0x000000008a100000| Untracked 
|  94|0x000000008a200000, 0x000000008a200000, 0x000000008a300000|  0%| F|  |TAMS 0x000000008a200000, 0x000000008a200000| Untracked 
|  95|0x000000008a300000, 0x000000008a3f5968, 0x000000008a400000| 95%| S|CS|TAMS 0x000000008a300000, 0x000000008a300000| Complete 
|  96|0x000000008a400000, 0x000000008a500000, 0x000000008a500000|100%| S|CS|TAMS 0x000000008a400000, 0x000000008a400000| Complete 
|  97|0x000000008a500000, 0x000000008a500000, 0x000000008a600000|  0%| F|  |TAMS 0x000000008a500000, 0x000000008a500000| Untracked 
|  98|0x000000008a600000, 0x000000008a600000, 0x000000008a700000|  0%| F|  |TAMS 0x000000008a600000, 0x000000008a600000| Untracked 
|  99|0x000000008a700000, 0x000000008a700000, 0x000000008a800000|  0%| F|  |TAMS 0x000000008a700000, 0x000000008a700000| Untracked 
| 100|0x000000008a800000, 0x000000008a800000, 0x000000008a900000|  0%| F|  |TAMS 0x000000008a800000, 0x000000008a800000| Untracked 
| 101|0x000000008a900000, 0x000000008a900000, 0x000000008aa00000|  0%| F|  |TAMS 0x000000008a900000, 0x000000008a900000| Untracked 
| 102|0x000000008aa00000, 0x000000008aa00000, 0x000000008ab00000|  0%| F|  |TAMS 0x000000008aa00000, 0x000000008aa00000| Untracked 
| 103|0x000000008ab00000, 0x000000008ab00000, 0x000000008ac00000|  0%| F|  |TAMS 0x000000008ab00000, 0x000000008ab00000| Untracked 
| 104|0x000000008ac00000, 0x000000008ac00000, 0x000000008ad00000|  0%| F|  |TAMS 0x000000008ac00000, 0x000000008ac00000| Untracked 
| 105|0x000000008ad00000, 0x000000008ad00000, 0x000000008ae00000|  0%| F|  |TAMS 0x000000008ad00000, 0x000000008ad00000| Untracked 
| 106|0x000000008ae00000, 0x000000008ae00000, 0x000000008af00000|  0%| F|  |TAMS 0x000000008ae00000, 0x000000008ae00000| Untracked 
| 107|0x000000008af00000, 0x000000008af00000, 0x000000008b000000|  0%| F|  |TAMS 0x000000008af00000, 0x000000008af00000| Untracked 
| 108|0x000000008b000000, 0x000000008b000000, 0x000000008b100000|  0%| F|  |TAMS 0x000000008b000000, 0x000000008b000000| Untracked 
| 109|0x000000008b100000, 0x000000008b100000, 0x000000008b200000|  0%| F|  |TAMS 0x000000008b100000, 0x000000008b100000| Untracked 
| 110|0x000000008b200000, 0x000000008b200000, 0x000000008b300000|  0%| F|  |TAMS 0x000000008b200000, 0x000000008b200000| Untracked 
| 111|0x000000008b300000, 0x000000008b300000, 0x000000008b400000|  0%| F|  |TAMS 0x000000008b300000, 0x000000008b300000| Untracked 
| 112|0x000000008b400000, 0x000000008b400000, 0x000000008b500000|  0%| F|  |TAMS 0x000000008b400000, 0x000000008b400000| Untracked 
| 113|0x000000008b500000, 0x000000008b500000, 0x000000008b600000|  0%| F|  |TAMS 0x000000008b500000, 0x000000008b500000| Untracked 
| 114|0x000000008b600000, 0x000000008b600000, 0x000000008b700000|  0%| F|  |TAMS 0x000000008b600000, 0x000000008b600000| Untracked 
| 115|0x000000008b700000, 0x000000008b700000, 0x000000008b800000|  0%| F|  |TAMS 0x000000008b700000, 0x000000008b700000| Untracked 
| 116|0x000000008b800000, 0x000000008b900000, 0x000000008b900000|100%| E|  |TAMS 0x000000008b800000, 0x000000008b800000| Complete 
| 117|0x000000008b900000, 0x000000008ba00000, 0x000000008ba00000|100%| E|CS|TAMS 0x000000008b900000, 0x000000008b900000| Complete 
| 118|0x000000008ba00000, 0x000000008bb00000, 0x000000008bb00000|100%| E|CS|TAMS 0x000000008ba00000, 0x000000008ba00000| Complete 
| 119|0x000000008bb00000, 0x000000008bc00000, 0x000000008bc00000|100%| E|CS|TAMS 0x000000008bb00000, 0x000000008bb00000| Complete 
| 120|0x000000008bc00000, 0x000000008bd00000, 0x000000008bd00000|100%| E|CS|TAMS 0x000000008bc00000, 0x000000008bc00000| Complete 
| 121|0x000000008bd00000, 0x000000008be00000, 0x000000008be00000|100%| E|CS|TAMS 0x000000008bd00000, 0x000000008bd00000| Complete 
| 122|0x000000008be00000, 0x000000008bf00000, 0x000000008bf00000|100%| E|CS|TAMS 0x000000008be00000, 0x000000008be00000| Complete 
| 123|0x000000008bf00000, 0x000000008c000000, 0x000000008c000000|100%| E|CS|TAMS 0x000000008bf00000, 0x000000008bf00000| Complete 

Card table byte_map: [0x0000028121840000,0x0000028121c20000] _byte_map_base: 0x000002812141e000

Marking Bits (Prev, Next): (CMBitMap*) 0x00000281168c3f00, (CMBitMap*) 0x00000281168c3f40
 Prev Bits: [0x0000028122000000, 0x0000028123ef0000)
 Next Bits: [0x0000028123ef0000, 0x0000028125de0000)

Polling page: 0x00000281149f0000

Metaspace:

Usage:
  Non-class:     11.99 MB used.
      Class:      1.84 MB used.
       Both:     13.83 MB used.

Virtual space:
  Non-class space:       16.00 MB reserved,      12.12 MB ( 76%) committed,  2 nodes.
      Class space:        1.00 GB reserved,       2.00 MB ( <1%) committed,  1 nodes.
             Both:        1.02 GB reserved,      14.12 MB (  1%) committed. 

Chunk freelists:
   Non-Class:  2.92 MB
       Class:  1.97 MB
        Both:  4.89 MB

MaxMetaspaceSize: unlimited
CompressedClassSpaceSize: 1.00 GB
Initial GC threshold: 21.00 MB
Current GC threshold: 21.00 MB
CDS: on
MetaspaceReclaimPolicy: balanced
 - commit_granule_bytes: 65536.
 - commit_granule_words: 8192.
 - virtual_space_node_default_size: 1048576.
 - enlarge_chunks_in_place: 1.
 - new_chunks_are_fully_committed: 0.
 - uncommit_free_chunks: 1.
 - use_allocation_guard: 0.
 - handle_deallocations: 1.


Internal statistics:

num_allocs_failed_limit: 0.
num_arena_births: 218.
num_arena_deaths: 0.
num_vsnodes_births: 3.
num_vsnodes_deaths: 0.
num_space_committed: 226.
num_space_uncommitted: 0.
num_chunks_returned_to_freelist: 0.
num_chunks_taken_from_freelist: 596.
num_chunk_merges: 0.
num_chunk_splits: 409.
num_chunks_enlarged: 310.
num_purges: 0.
num_inconsistent_stats: 0.

CodeCache: size=49152Kb used=5381Kb max_used=5381Kb free=43770Kb
 bounds [0x000002811e350000, 0x000002811e8a0000, 0x0000028121350000]
 total_blobs=2572 nmethods=2080 adapters=417
 compilation: enabled
              stopped_count=0, restarted_count=0
 full_count=0

Compilation events (20 events):
Event: 1.635 Thread 0x00000281294a1130 nmethod 2070 0x000002811e88ce90 code [0x000002811e88d040, 0x000002811e88d2f8]
Event: 1.635 Thread 0x00000281294a1130 2071       1       org.springframework.util.ConcurrentReferenceHashMap$Task::<init> (34 bytes)
Event: 1.635 Thread 0x00000281294a58e0 nmethod 2069 0x000002811e88d410 code [0x000002811e88d5e0, 0x000002811e88db08]
Event: 1.635 Thread 0x0000028128875cd0 2073       1       org.springframework.util.ConcurrentReferenceHashMap::doTask (18 bytes)
Event: 1.635 Thread 0x00000281294a58e0 2074   !   1       org.springframework.util.ConcurrentReferenceHashMap$Segment::doTask (179 bytes)
Event: 1.635 Thread 0x0000028128875cd0 nmethod 2073 0x000002811e88dd10 code [0x000002811e88dec0, 0x000002811e88e038]
Event: 1.635 Thread 0x00000281294a1130 nmethod 2071 0x000002811e88e190 code [0x000002811e88e340, 0x000002811e88e538]
Event: 1.635 Thread 0x0000028128875cd0 2077       1       java.lang.Class::isAnnotation (17 bytes)
Event: 1.635 Thread 0x00000281294a1130 2076       1       java.util.LinkedHashMap::<init> (10 bytes)
Event: 1.635 Thread 0x0000028128875cd0 nmethod 2077 0x000002811e88e610 code [0x000002811e88e7a0, 0x000002811e88e898]
Event: 1.635 Thread 0x0000028128875cd0 2078       1       jdk.internal.loader.AbstractClassLoaderValue$Sub::equals (55 bytes)
Event: 1.635 Thread 0x00000281294a1130 nmethod 2076 0x000002811e88e910 code [0x000002811e88eaa0, 0x000002811e88eb78]
Event: 1.635 Thread 0x00000281294a1130 2075       1       java.lang.invoke.LambdaForm$MH/0x0000000800ce1000::linkToTargetMethod (15 bytes)
Event: 1.635 Thread 0x00000281294a1130 nmethod 2075 0x000002811e88ec10 code [0x000002811e88edc0, 0x000002811e88eef8]
Event: 1.635 Thread 0x0000028128875cd0 nmethod 2078 0x000002811e88f010 code [0x000002811e88f1c0, 0x000002811e88f458]
Event: 1.636 Thread 0x00000281294a58e0 nmethod 2074 0x000002811e88f590 code [0x000002811e88f860, 0x000002811e88ffe8]
Event: 1.639 Thread 0x00000281294a58e0 2079       1       java.lang.reflect.Constructor::setAccessible (21 bytes)
Event: 1.639 Thread 0x0000028128875cd0 2080       1       java.lang.reflect.Constructor::checkCanSetAccessible (29 bytes)
Event: 1.639 Thread 0x0000028128875cd0 nmethod 2080 0x000002811e890910 code [0x000002811e890ac0, 0x000002811e890c58]
Event: 1.640 Thread 0x00000281294a58e0 nmethod 2079 0x000002811e890d10 code [0x000002811e890ee0, 0x000002811e891118]

GC Heap History (4 events):
Event: 1.130 GC heap before
{Heap before GC invocations=0 (full 0):
 garbage-first heap   total 126976K, used 24576K [0x0000000084400000, 0x0000000100000000)
  region size 1024K, 23 young (23552K), 0 survivors (0K)
 Metaspace       used 7005K, committed 7168K, reserved 1056768K
  class space    used 891K, committed 960K, reserved 1048576K
}
Event: 1.135 GC heap after
{Heap after GC invocations=1 (full 0):
 garbage-first heap   total 126976K, used 6986K [0x0000000084400000, 0x0000000100000000)
  region size 1024K, 3 young (3072K), 3 survivors (3072K)
 Metaspace       used 7005K, committed 7168K, reserved 1056768K
  class space    used 891K, committed 960K, reserved 1048576K
}
Event: 1.545 GC heap before
{Heap before GC invocations=1 (full 0):
 garbage-first heap   total 126976K, used 31562K [0x0000000084400000, 0x0000000100000000)
  region size 1024K, 27 young (27648K), 3 survivors (3072K)
 Metaspace       used 12779K, committed 13056K, reserved 1064960K
  class space    used 1682K, committed 1792K, reserved 1048576K
}
Event: 1.550 GC heap after
{Heap after GC invocations=2 (full 0):
 garbage-first heap   total 126976K, used 9174K [0x0000000084400000, 0x0000000100000000)
  region size 1024K, 2 young (2048K), 2 survivors (2048K)
 Metaspace       used 12779K, committed 13056K, reserved 1064960K
  class space    used 1682K, committed 1792K, reserved 1048576K
}

Dll operation events (11 events):
Event: 0.050 Loaded shared library D:\Java\bin\java.dll
Event: 0.060 Loaded shared library D:\Java\bin\jsvml.dll
Event: 0.132 Loaded shared library D:\Java\bin\zip.dll
Event: 0.134 Loaded shared library D:\Java\bin\instrument.dll
Event: 0.139 Loaded shared library D:\Java\bin\net.dll
Event: 0.140 Loaded shared library D:\Java\bin\nio.dll
Event: 0.143 Loaded shared library D:\Java\bin\zip.dll
Event: 0.503 Loaded shared library D:\IntelliJ IDEA 2023.2.5\bin\breakgen64.dll
Event: 0.520 Loaded shared library D:\Java\bin\jimage.dll
Event: 0.535 Loaded shared library D:\Java\bin\management.dll
Event: 0.545 Loaded shared library D:\Java\bin\management_ext.dll

Deoptimization events (2 events):
Event: 1.591 Thread 0x0000028129cc62e0 DEOPT PACKING pc=0x000002811e862399 sp=0x000000db42efc5f0
Event: 1.591 Thread 0x0000028129cc62e0 DEOPT UNPACKING pc=0x000002811e3a66e3 sp=0x000000db42efbad0 mode 3

Classes unloaded (0 events):
No events

Classes redefined (0 events):
No events

Internal exceptions (20 events):
Event: 1.342 Thread 0x0000028129cc62e0 Exception <a 'java/lang/NoSuchMethodError'{0x000000008b6c9100}: 'java.lang.Object java.lang.invoke.Invokers$Holder.linkToTargetMethod(java.lang.Object, java.lang.Object, int, java.lang.Object, java.lang.Object)'> (0x000000008b6c9100) 
thrown [s\src\hotspot\share\interpreter\linkResolver.cpp, line 759]
Event: 1.343 Thread 0x0000028129cc62e0 Exception <a 'java/lang/NoSuchMethodError'{0x000000008b6d7d18}: 'java.lang.Object java.lang.invoke.DirectMethodHandle$Holder.newInvokeSpecial(java.lang.Object, int, java.lang.Object)'> (0x000000008b6d7d18) 
thrown [s\src\hotspot\share\interpreter\linkResolver.cpp, line 759]
Event: 1.344 Thread 0x0000028129cc62e0 Exception <a 'java/lang/NoSuchMethodError'{0x000000008b6dc758}: 'int java.lang.invoke.DirectMethodHandle$Holder.invokeSpecialIFC(java.lang.Object, java.lang.Object, java.lang.Object, java.lang.Object)'> (0x000000008b6dc758) 
thrown [s\src\hotspot\share\interpreter\linkResolver.cpp, line 759]
Event: 1.361 Thread 0x0000028129cc62e0 Exception <a 'java/lang/NoSuchMethodError'{0x000000008b5af9c8}: 'void java.lang.invoke.DirectMethodHandle$Holder.invokeInterface(java.lang.Object, java.lang.Object, java.lang.Object)'> (0x000000008b5af9c8) 
thrown [s\src\hotspot\share\interpreter\linkResolver.cpp, line 759]
Event: 1.376 Thread 0x0000028129cc62e0 Exception <a 'java/lang/NoSuchMethodError'{0x000000008b4533a8}: 'java.lang.Object java.lang.invoke.DirectMethodHandle$Holder.invokeVirtual(java.lang.Object, java.lang.Object, java.lang.Object)'> (0x000000008b4533a8) 
thrown [s\src\hotspot\share\interpreter\linkResolver.cpp, line 759]
Event: 1.391 Thread 0x0000028129cc62e0 Exception <a 'java/lang/NoSuchMethodError'{0x000000008b369878}: 'void java.lang.invoke.DirectMethodHandle$Holder.invokeStatic(java.lang.Object, java.lang.Object, int)'> (0x000000008b369878) 
thrown [s\src\hotspot\share\interpreter\linkResolver.cpp, line 759]
Event: 1.392 Thread 0x0000028129cc62e0 Exception <a 'java/lang/NoSuchMethodError'{0x000000008b3716a0}: 'void java.lang.invoke.DirectMethodHandle$Holder.invokeStaticInit(java.lang.Object, java.lang.Object)'> (0x000000008b3716a0) 
thrown [s\src\hotspot\share\interpreter\linkResolver.cpp, line 759]
Event: 1.394 Thread 0x0000028129cc62e0 Exception <a 'java/lang/NoSuchMethodError'{0x000000008b382188}: 'void java.lang.invoke.DirectMethodHandle$Holder.invokeStaticInit(java.lang.Object, java.lang.Object, java.lang.Object)'> (0x000000008b382188) 
thrown [s\src\hotspot\share\interpreter\linkResolver.cpp, line 759]
Event: 1.399 Thread 0x0000028129cc62e0 Exception <a 'java/lang/NoSuchMethodError'{0x000000008b3c6bf8}: 'java.lang.Object java.lang.invoke.DirectMethodHandle$Holder.invokeStatic(java.lang.Object, java.lang.Object, long, java.lang.Object)'> (0x000000008b3c6bf8) 
thrown [s\src\hotspot\share\interpreter\linkResolver.cpp, line 759]
Event: 1.400 Thread 0x0000028129cc62e0 Exception <a 'java/lang/NoSuchMethodError'{0x000000008b3ca690}: 'java.lang.Object java.lang.invoke.DirectMethodHandle$Holder.invokeStaticInit(java.lang.Object, java.lang.Object, long, java.lang.Object)'> (0x000000008b3ca690) 
thrown [s\src\hotspot\share\interpreter\linkResolver.cpp, line 759]
Event: 1.400 Thread 0x0000028129cc62e0 Exception <a 'java/lang/NoSuchMethodError'{0x000000008b3d0ca0}: 'java.lang.Object java.lang.invoke.DirectMethodHandle$Holder.newInvokeSpecial(java.lang.Object, java.lang.Object, long)'> (0x000000008b3d0ca0) 
thrown [s\src\hotspot\share\interpreter\linkResolver.cpp, line 759]
Event: 1.400 Thread 0x0000028129cc62e0 Exception <a 'java/lang/NoSuchMethodError'{0x000000008b3d4810}: 'java.lang.Object java.lang.invoke.Invokers$Holder.linkToTargetMethod(java.lang.Object, long, java.lang.Object)'> (0x000000008b3d4810) 
thrown [s\src\hotspot\share\interpreter\linkResolver.cpp, line 759]
Event: 1.409 Thread 0x0000028129cc62e0 Exception <a 'java/lang/NoSuchMethodError'{0x000000008b2267e0}: 'void java.lang.invoke.DirectMethodHandle$Holder.invokeSpecial(java.lang.Object, java.lang.Object, java.lang.Object, java.lang.Object, java.lang.Object)'> (0x000000008b2267e0) 
thrown [s\src\hotspot\share\interpreter\linkResolver.cpp, line 759]
Event: 1.410 Thread 0x0000028129cc62e0 Exception <a 'java/lang/NoSuchMethodError'{0x000000008b22ed70}: 'void java.lang.invoke.DirectMethodHandle$Holder.invokeVirtual(java.lang.Object, java.lang.Object, java.lang.Object, java.lang.Object)'> (0x000000008b22ed70) 
thrown [s\src\hotspot\share\interpreter\linkResolver.cpp, line 759]
Event: 1.448 Thread 0x0000028129cc62e0 Exception <a 'java/lang/NoSuchMethodError'{0x000000008b177a80}: 'void java.lang.invoke.DirectMethodHandle$Holder.invokeSpecial(java.lang.Object, java.lang.Object, java.lang.Object)'> (0x000000008b177a80) 
thrown [s\src\hotspot\share\interpreter\linkResolver.cpp, line 759]
Event: 1.455 Thread 0x0000028129cc62e0 Exception <a 'java/lang/IncompatibleClassChangeError'{0x000000008b1a74f0}: Found class java.lang.Object, but interface was expected> (0x000000008b1a74f0) 
thrown [s\src\hotspot\share\interpreter\linkResolver.cpp, line 826]
Event: 1.455 Thread 0x0000028129e20850 Exception <a 'java/lang/NoClassDefFoundError'{0x000000008b1ec0f0}: jakarta/validation/Validation> (0x000000008b1ec0f0) 
thrown [s\src\hotspot\share\classfile\systemDictionary.cpp, line 245]
Event: 1.608 Thread 0x0000028129e20850 Exception <a 'java/lang/OutOfMemoryError'{0x000000008ba693a8}> (0x000000008ba693a8) 
thrown [s\src\hotspot\share\prims\jni.cpp, line 535]
Event: 1.610 Thread 0x0000028129e20850 Exception <a 'java/lang/OutOfMemoryError'{0x000000008ba7ad08}> (0x000000008ba7ad08) 
thrown [s\src\hotspot\share\prims\jni.cpp, line 535]
Event: 1.612 Thread 0x0000028129e20850 Exception <a 'java/lang/OutOfMemoryError'{0x000000008ba87ec8}> (0x000000008ba87ec8) 
thrown [s\src\hotspot\share\prims\jni.cpp, line 535]

VM Operations (20 events):
Event: 0.834 Executing VM operation: HandshakeAllThreads
Event: 0.834 Executing VM operation: HandshakeAllThreads done
Event: 0.838 Executing VM operation: HandshakeAllThreads
Event: 0.838 Executing VM operation: HandshakeAllThreads done
Event: 1.130 Executing VM operation: G1CollectForAllocation
Event: 1.135 Executing VM operation: G1CollectForAllocation done
Event: 1.181 Executing VM operation: HandshakeAllThreads
Event: 1.181 Executing VM operation: HandshakeAllThreads done
Event: 1.324 Executing VM operation: HandshakeAllThreads
Event: 1.325 Executing VM operation: HandshakeAllThreads done
Event: 1.441 Executing VM operation: HandshakeAllThreads
Event: 1.441 Executing VM operation: HandshakeAllThreads done
Event: 1.445 Executing VM operation: HandshakeAllThreads
Event: 1.445 Executing VM operation: HandshakeAllThreads done
Event: 1.447 Executing VM operation: ICBufferFull
Event: 1.447 Executing VM operation: ICBufferFull done
Event: 1.545 Executing VM operation: G1CollectForAllocation
Event: 1.550 Executing VM operation: G1CollectForAllocation done
Event: 1.636 Executing VM operation: HandshakeAllThreads
Event: 1.636 Executing VM operation: HandshakeAllThreads done

Events (20 events):
Event: 1.574 loading class java/util/concurrent/ConcurrentLinkedQueue$Node done
Event: 1.576 loading class java/util/concurrent/atomic/AtomicLongArray
Event: 1.576 loading class java/util/concurrent/atomic/AtomicLongArray done
Event: 1.576 loading class java/lang/invoke/VarHandleLongs$Array
Event: 1.576 loading class java/lang/invoke/VarHandleLongs$Array done
Event: 1.576 loading class java/util/concurrent/atomic/AtomicReferenceArray
Event: 1.576 loading class java/util/concurrent/atomic/AtomicReferenceArray done
Event: 1.588 loading class java/lang/annotation/Repeatable
Event: 1.588 loading class java/lang/annotation/Repeatable done
Event: 1.598 loading class sun/text/resources/cldr/FormatData_en
Event: 1.598 loading class sun/text/resources/cldr/FormatData_en done
Event: 1.598 loading class sun/text/resources/cldr/FormatData_en_US
Event: 1.598 loading class sun/text/resources/cldr/FormatData_en_US done
Event: 1.608 loading class java/util/zip/DataFormatException
Event: 1.608 loading class java/util/zip/DataFormatException done
Event: 1.608 loading class java/io/InterruptedIOException
Event: 1.608 loading class java/io/InterruptedIOException done
Event: 1.612 Thread 0x0000028129e20850 Thread exited: 0x0000028129e20850
Event: 1.614 loading class jdk/internal/reflect/UnsafeObjectFieldAccessorImpl
Event: 1.614 loading class jdk/internal/reflect/UnsafeObjectFieldAccessorImpl done


Dynamic libraries:
0x00007ff74b060000 - 0x00007ff74b06e000 	D:\Java\bin\java.exe
0x00007fff087f0000 - 0x00007fff089e8000 	C:\Windows\SYSTEM32\ntdll.dll
0x00007fff086f0000 - 0x00007fff087ad000 	C:\Windows\System32\KERNEL32.DLL
0x00007fff06550000 - 0x00007fff06846000 	C:\Windows\System32\KERNELBASE.dll
0x00007fff06110000 - 0x00007fff06210000 	C:\Windows\System32\ucrtbase.dll
0x00007fff01370000 - 0x00007fff01389000 	D:\Java\bin\VCRUNTIME140.dll
0x00007fff01390000 - 0x00007fff013a7000 	D:\Java\bin\jli.dll
0x00007fff06e50000 - 0x00007fff06fee000 	C:\Windows\System32\USER32.dll
0x00007fff060e0000 - 0x00007fff06102000 	C:\Windows\System32\win32u.dll
0x00007ffeecf60000 - 0x00007ffeed1fa000 	C:\Windows\WinSxS\amd64_microsoft.windows.common-controls_6595b64144ccf1df_6.0.19041.3636_none_60b6a03d71f818d5\COMCTL32.dll
0x00007fff08580000 - 0x00007fff085ac000 	C:\Windows\System32\GDI32.dll
0x00007fff078f0000 - 0x00007fff0798e000 	C:\Windows\System32\msvcrt.dll
0x00007fff06210000 - 0x00007fff0632a000 	C:\Windows\System32\gdi32full.dll
0x00007fff064b0000 - 0x00007fff0654d000 	C:\Windows\System32\msvcp_win.dll
0x00007fff07a60000 - 0x00007fff07a90000 	C:\Windows\System32\IMM32.DLL
0x00007fff01360000 - 0x00007fff0136c000 	D:\Java\bin\vcruntime140_1.dll
0x00007fff012c0000 - 0x00007fff01351000 	D:\Java\bin\msvcp140.dll
0x00007ffe89670000 - 0x00007ffe8a2b4000 	D:\Java\bin\server\jvm.dll
0x00007fff082a0000 - 0x00007fff0834f000 	C:\Windows\System32\ADVAPI32.dll
0x00007fff06db0000 - 0x00007fff06e4c000 	C:\Windows\System32\sechost.dll
0x00007fff06920000 - 0x00007fff06a46000 	C:\Windows\System32\RPCRT4.dll
0x00007ffefe540000 - 0x00007ffefe549000 	C:\Windows\SYSTEM32\WSOCK32.dll
0x00007ffefaee0000 - 0x00007ffefaf07000 	C:\Windows\SYSTEM32\WINMM.dll
0x00007ffef5f80000 - 0x00007ffef5f8a000 	C:\Windows\SYSTEM32\VERSION.dll
0x00007fff079f0000 - 0x00007fff07a5b000 	C:\Windows\System32\WS2_32.dll
0x00007fff03e00000 - 0x00007fff03e12000 	C:\Windows\SYSTEM32\kernel.appcore.dll
0x00007fff012b0000 - 0x00007fff012ba000 	D:\Java\bin\jimage.dll
0x00007fff03b10000 - 0x00007fff03cf4000 	C:\Windows\SYSTEM32\DBGHELP.DLL
0x00007ffef7030000 - 0x00007ffef7064000 	C:\Windows\SYSTEM32\dbgcore.DLL
0x00007fff063a0000 - 0x00007fff06422000 	C:\Windows\System32\bcryptPrimitives.dll
0x00007ffefded0000 - 0x00007ffefdede000 	D:\Java\bin\instrument.dll
0x00007ffeff3d0000 - 0x00007ffeff3f5000 	D:\Java\bin\java.dll
0x00007ffecfb10000 - 0x00007ffecfbe6000 	D:\Java\bin\jsvml.dll
0x00007fff07b50000 - 0x00007fff08295000 	C:\Windows\System32\SHELL32.dll
0x00007fff03f90000 - 0x00007fff0472b000 	C:\Windows\SYSTEM32\windows.storage.dll
0x00007fff06a50000 - 0x00007fff06da4000 	C:\Windows\System32\combase.dll
0x00007fff05910000 - 0x00007fff0593d000 	C:\Windows\SYSTEM32\Wldp.dll
0x00007fff070e0000 - 0x00007fff0718d000 	C:\Windows\System32\SHCORE.dll
0x00007fff07990000 - 0x00007fff079e5000 	C:\Windows\System32\shlwapi.dll
0x00007fff05e00000 - 0x00007fff05e25000 	C:\Windows\SYSTEM32\profapi.dll
0x00007ffefe5b0000 - 0x00007ffefe5c8000 	D:\Java\bin\zip.dll
0x00007fff01290000 - 0x00007fff012a9000 	D:\Java\bin\net.dll
0x00007fff000a0000 - 0x00007fff001aa000 	C:\Windows\SYSTEM32\WINHTTP.dll
0x00007fff05670000 - 0x00007fff056da000 	C:\Windows\system32\mswsock.dll
0x00007ffefe5d0000 - 0x00007ffefe5e5000 	D:\Java\bin\nio.dll
0x00007ffefcdb0000 - 0x00007ffefcdca000 	D:\IntelliJ IDEA 2023.2.5\bin\breakgen64.dll
0x00007fff05350000 - 0x00007fff0541a000 	C:\Windows\SYSTEM32\DNSAPI.dll
0x00007fff05310000 - 0x00007fff0534b000 	C:\Windows\SYSTEM32\IPHLPAPI.DLL
0x00007fff085b0000 - 0x00007fff085b8000 	C:\Windows\System32\NSI.dll
0x00007ffef5f50000 - 0x00007ffef5f5a000 	C:\Windows\System32\rasadhlp.dll
0x00007ffef9180000 - 0x00007ffef9200000 	C:\Windows\System32\fwpuclnt.dll
0x00007fff06430000 - 0x00007fff06457000 	C:\Windows\System32\bcrypt.dll
0x00007ffefcde0000 - 0x00007ffefcde9000 	D:\Java\bin\management.dll
0x00007ffefcdd0000 - 0x00007ffefcddb000 	D:\Java\bin\management_ext.dll
0x00007fff070d0000 - 0x00007fff070d8000 	C:\Windows\System32\PSAPI.DLL
0x00007fff05860000 - 0x00007fff05878000 	C:\Windows\SYSTEM32\CRYPTSP.dll
0x00007fff04f30000 - 0x00007fff04f64000 	C:\Windows\system32\rsaenh.dll
0x00007fff05dc0000 - 0x00007fff05dee000 	C:\Windows\SYSTEM32\USERENV.dll
0x00007fff05880000 - 0x00007fff0588c000 	C:\Windows\SYSTEM32\CRYPTBASE.dll
0x00007ffefd100000 - 0x00007ffefd117000 	C:\Windows\SYSTEM32\dhcpcsvc6.DLL
0x00007ffefd0e0000 - 0x00007ffefd0fd000 	C:\Windows\SYSTEM32\dhcpcsvc.DLL
0x00007ffebae40000 - 0x00007ffebae57000 	C:\Windows\system32\napinsp.dll
0x00007ffebae20000 - 0x00007ffebae3b000 	C:\Windows\system32\pnrpnsp.dll
0x00007fff00ac0000 - 0x00007fff00ad5000 	C:\Windows\system32\wshbth.dll
0x00007fff01220000 - 0x00007fff0123d000 	C:\Windows\system32\NLAapi.dll
0x00007ffebae00000 - 0x00007ffebae12000 	C:\Windows\System32\winrnr.dll

dbghelp: loaded successfully - version: 4.0.5 - missing functions: none
symbol engine: initialized successfully - sym options: 0x614 - pdb path: .;D:\Java\bin;C:\Windows\SYSTEM32;C:\Windows\WinSxS\amd64_microsoft.windows.common-controls_6595b64144ccf1df_6.0.19041.3636_none_60b6a03d71f818d5;D:\Java\bin\server;D:\IntelliJ IDEA 2023.2.5\bin

VM Arguments:
jvm_args: -XX:TieredStopAtLevel=1 -Dspring.output.ansi.enabled=always -Dcom.sun.management.jmxremote -Dspring.jmx.enabled=true -Dspring.liveBeansView.mbeanDomain -Dspring.application.admin.enabled=true -Dmanagement.endpoints.jmx.exposure.include=* -javaagent:D:\IntelliJ IDEA 2023.2.5\lib\idea_rt.jar=60363:D:\IntelliJ IDEA 2023.2.5\bin -Dfile.encoding=UTF-8 
java_command: com.example.pbl04.Pbl04Application
java_class_path (initial): D:\PBL04\target\classes;C:\Users\DELL\.m2\repository\org\springframework\boot\spring-boot-starter\3.2.0\spring-boot-starter-3.2.0.jar;C:\Users\DELL\.m2\repository\org\springframework\boot\spring-boot\3.2.0\spring-boot-3.2.0.jar;C:\Users\DELL\.m2\repository\org\springframework\spring-context\6.1.1\spring-context-6.1.1.jar;C:\Users\DELL\.m2\repository\org\springframework\boot\spring-boot-autoconfigure\3.2.0\spring-boot-autoconfigure-3.2.0.jar;C:\Users\DELL\.m2\repository\org\springframework\boot\spring-boot-starter-logging\3.2.0\spring-boot-starter-logging-3.2.0.jar;C:\Users\DELL\.m2\repository\ch\qos\logback\logback-classic\1.4.11\logback-classic-1.4.11.jar;C:\Users\DELL\.m2\repository\ch\qos\logback\logback-core\1.4.11\logback-core-1.4.11.jar;C:\Users\DELL\.m2\repository\org\apache\logging\log4j\log4j-to-slf4j\2.21.1\log4j-to-slf4j-2.21.1.jar;C:\Users\DELL\.m2\repository\org\apache\logging\log4j\log4j-api\2.21.1\log4j-api-2.21.1.jar;C:\Users\DELL\.m2\repository\org\slf4j\jul-to-slf4j\2.0.9\jul-to-slf4j-2.0.9.jar;C:\Users\DELL\.m2\repository\jakarta\annotation\jakarta.annotation-api\2.1.1\jakarta.annotation-api-2.1.1.jar;C:\Users\DELL\.m2\repository\org\springframework\spring-core\6.1.1\spring-core-6.1.1.jar;C:\Users\DELL\.m2\repository\org\springframework\spring-jcl\6.1.1\spring-jcl-6.1.1.jar;C:\Users\DELL\.m2\repository\org\yaml\snakeyaml\2.2\snakeyaml-2.2.jar;C:\Users\DELL\.m2\repository\org\hibernate\orm\hibernate-core\6.3.1.Final\hibernate-core-6.3.1.Final.jar;C:\Users\DELL\.m2\repository\jakarta\persistence\jakarta.persistence-api\3.1.0\jakarta.persistence-api-3.1.0.jar;C:\Users\DELL\.m2\repository\jakarta\transaction\jakarta.transaction-api\2.0.1\jakarta.transaction-api-2.0.1.jar;C:\Users\DELL\.m2\repository\org\jboss\logging\jboss-logging\3.5.3.Final\jboss-logging-3.5.3.Final.jar;C:\Users\DELL\.m2\repository\org\hibernate\common\hibernate-commons-annotations\6.0.6.Final\hibernate-commons-annotations-6.0.6.Final.jar;C:\Users\DELL\.
Launcher Type: SUN_STANDARD

[Global flags]
     intx CICompilerCount                          = 4                                         {product} {ergonomic}
     uint ConcGCThreads                            = 2                                         {product} {ergonomic}
     uint G1ConcRefinementThreads                  = 8                                         {product} {ergonomic}
   size_t G1HeapRegionSize                         = 1048576                                   {product} {ergonomic}
    uintx GCDrainStackTargetSize                   = 64                                        {product} {ergonomic}
   size_t InitialHeapSize                          = 130023424                                 {product} {ergonomic}
     bool ManagementServer                         = true                                      {product} {command line}
   size_t MarkStackSize                            = 4194304                                   {product} {ergonomic}
   size_t MaxHeapSize                              = 2076180480                                {product} {ergonomic}
   size_t MaxNewSize                               = 1245708288                                {product} {ergonomic}
   size_t MinHeapDeltaBytes                        = 1048576                                   {product} {ergonomic}
   size_t MinHeapSize                              = 8388608                                   {product} {ergonomic}
    uintx NonProfiledCodeHeapSize                  = 0                                      {pd product} {ergonomic}
     bool ProfileInterpreter                       = false                                  {pd product} {command line}
    uintx ProfiledCodeHeapSize                     = 0                                      {pd product} {ergonomic}
   size_t SoftMaxHeapSize                          = 2076180480                             {manageable} {ergonomic}
     intx TieredStopAtLevel                        = 1                                         {product} {command line}
     bool UseCompressedClassPointers               = true                           {product lp64_product} {ergonomic}
     bool UseCompressedOops                        = true                           {product lp64_product} {ergonomic}
     bool UseG1GC                                  = true                                      {product} {ergonomic}
     bool UseLargePagesIndividualAllocation        = false                                  {pd product} {ergonomic}

Logging:
Log output configuration:
 #0: stdout all=warning uptime,level,tags
 #1: stderr all=off uptime,level,tags

Environment Variables:
JAVA_HOME=C:\Java\
PATH=D:\VMware\bin\;C:\Java\bin;C:\Program Files\Common Files\Oracle\Java\javapath;C:\Windows\system32;C:\Windows;C:\Windows\System32\Wbem;C:\Windows\System32\WindowsPowerShell\v1.0\;C:\Windows\System32\OpenSSH\;C:\MinGW\bin;C:\Program Files\Microsoft SQL Server\150\Tools\Binn\;C:\Program Files\Microsoft SQL Server\Client SDK\ODBC\170\Tools\Binn\;C:\Program Files (x86)\Microsoft SQL Server\150\Tools\Binn\;C:\Program Files\Microsoft SQL Server\150\DTS\Binn\;C:\Program Files\Azure Data Studio\bin;C:\Program Files (x86)\Microsoft SQL Server\150\DTS\Binn\;C:\Program Files (x86)\Microsoft SQL Server\160\Tools\Binn\;C:\Program Files\Microsoft SQL Server\160\Tools\Binn\;C:\Program Files\Microsoft SQL Server\160\DTS\Binn\;C:\Program Files (x86)\Microsoft SQL Server\160\DTS\Binn\;D:\GitHub\cmd;C:\Program Files\dotnet\;D:\MATLAB\R2023a\bin;D:\Nodejs\;D:/apache-maven-3.6.0\bin;D:\MATLAB\R2023b\bin;C:\Users\DELL\AppData\Local\Microsoft\WindowsApps;C:\Users\DELL\AppData\Local\Programs\Microsoft VS Code\bin;C:\Program Files\Azure Data Studio\bin;C:\Program Files\Azure Data Studio\bin;C:\Java\\bin;C:\Users\DELL\.dotnet\tools;C:\Users\DELL\AppData\Roaming\npm
USERNAME=DELL
OS=Windows_NT
PROCESSOR_IDENTIFIER=Intel64 Family 6 Model 140 Stepping 1, GenuineIntel
TMP=C:\Users\DELL\AppData\Local\Temp
TEMP=C:\Users\DELL\AppData\Local\Temp



---------------  S Y S T E M  ---------------

OS:
 Windows 10 , 64 bit Build 19041 (10.0.19041.3636)
OS uptime: 0 days 0:21 hours

CPU: total 8 (initial active 8) (4 cores per cpu, 2 threads per core) family 6 model 140 stepping 1 microcode 0xb4, cx8, cmov, fxsr, ht, mmx, 3dnowpref, sse, sse2, sse3, ssse3, sse4.1, sse4.2, popcnt, lzcnt, tsc, tscinvbit, avx, avx2, aes, erms, clmul, bmi1, bmi2, adx, avx512f, avx512dq, avx512cd, avx512bw, avx512vl, sha, fma, vzeroupper, avx512_vpopcntdq, avx512_vpclmulqdq, avx512_vaes, avx512_vnni, clflush, clflushopt, clwb, avx512_vbmi2, avx512_vbmi

Memory: 4k page, system-wide physical 7914M (243M free)
TotalPageFile size 11541M (AvailPageFile size 1M)
current process WorkingSet (physical memory assigned to process): 97M, peak: 97M
current process commit charge ("private bytes"): 230M, peak: 230M

vm_info: OpenJDK 64-Bit Server VM (17.0.5+8) for windows-amd64 JRE (17.0.5+8), built on Oct 19 2022 04:48:13 by "temurin" with MS VC++ 16.7 (VS2019)

END.
