#
# There is insufficient memory for the Java Runtime Environment to continue.
# Native memory allocation (mmap) failed to map 65536 bytes for Failed to commit metaspace.
# Possible reasons:
#   The system is out of physical RAM or swap space
#   The process is running with CompressedOops enabled, and the Java Heap may be blocking the growth of the native heap
# Possible solutions:
#   Reduce memory load on the system
#   Increase physical memory or swap space
#   Check if swap backing store is full
#   Decrease Java heap size (-Xmx/-Xms)
#   Decrease number of Java threads
#   Decrease Java thread stack sizes (-Xss)
#   Set larger code cache with -XX:ReservedCodeCacheSize=
#   JVM is running with Unscaled Compressed Oops mode in which the Java heap is
#     placed in the first 4GB address space. The Java Heap base address is the
#     maximum limit for the native heap growth. Please use -XX:HeapBaseMinAddress
#     to set the Java Heap base and to place the Java Heap above 4GB virtual address.
# This output file may be truncated or incomplete.
#
#  Out of Memory Error (virtualSpaceNode.cpp:110), pid=5684, tid=1272
#
# JRE version: OpenJDK Runtime Environment Temurin-17.0.5+8 (17.0.5+8) (build 17.0.5+8)
# Java VM: OpenJDK 64-Bit Server VM Temurin-17.0.5+8 (17.0.5+8, mixed mode, emulated-client, sharing, tiered, compressed oops, compressed class ptrs, g1 gc, windows-amd64)
# No core dump will be written. Minidumps are not enabled by default on client versions of Windows
#

---------------  S U M M A R Y ------------

Command Line: -XX:TieredStopAtLevel=1 -Dspring.output.ansi.enabled=always -Dcom.sun.management.jmxremote -Dspring.jmx.enabled=true -Dspring.liveBeansView.mbeanDomain -Dspring.application.admin.enabled=true -Dmanagement.endpoints.jmx.exposure.include=* -javaagent:D:\IntelliJ IDEA 2023.2.5\lib\idea_rt.jar=51168:D:\IntelliJ IDEA 2023.2.5\bin -Dfile.encoding=UTF-8 com.example.pbl04.Pbl04Application

Host: 11th Gen Intel(R) Core(TM) i5-1135G7 @ 2.40GHz, 8 cores, 7G,  Windows 10 , 64 bit Build 19041 (10.0.19041.3636)
Time: Wed Dec  6 14:23:18 2023 SE Asia Standard Time elapsed time: 3.130275 seconds (0d 0h 0m 3s)

---------------  T H R E A D  ---------------

Current thread (0x000002161843d660):  JavaThread "restartedMain" [_thread_in_vm, id=1272, stack(0x00000079a3300000,0x00000079a3400000)]

Stack: [0x00000079a3300000,0x00000079a3400000]
Native frames: (J=compiled Java code, j=interpreted, Vv=VM code, C=native code)
V  [jvm.dll+0x676b3a]
V  [jvm.dll+0x831444]
V  [jvm.dll+0x832bee]
V  [jvm.dll+0x833253]
V  [jvm.dll+0x244ce5]
V  [jvm.dll+0x82d4db]
V  [jvm.dll+0x61b2f6]
V  [jvm.dll+0x1bfd2e]
V  [jvm.dll+0x61dc41]
V  [jvm.dll+0x61bc96]
V  [jvm.dll+0x625b37]
V  [jvm.dll+0x1e99bb]
V  [jvm.dll+0x1e9ef5]
V  [jvm.dll+0x1ea92f]
V  [jvm.dll+0x1dfdd1]
V  [jvm.dll+0x53be30]
V  [jvm.dll+0x7ac5a8]
V  [jvm.dll+0x7ac694]
V  [jvm.dll+0x40ba25]
V  [jvm.dll+0x411bb8]
C  [java.dll+0x1971]

Java frames: (J=compiled Java code, j=interpreted, Vv=VM code)
j  java.lang.ClassLoader.defineClass2(Ljava/lang/ClassLoader;Ljava/lang/String;Ljava/nio/ByteBuffer;IILjava/security/ProtectionDomain;Ljava/lang/String;)Ljava/lang/Class;+0 java.base@17.0.5
j  java.lang.ClassLoader.defineClass(Ljava/lang/String;Ljava/nio/ByteBuffer;Ljava/security/ProtectionDomain;)Ljava/lang/Class;+93 java.base@17.0.5
j  java.security.SecureClassLoader.defineClass(Ljava/lang/String;Ljava/nio/ByteBuffer;Ljava/security/CodeSource;)Ljava/lang/Class;+8 java.base@17.0.5
j  jdk.internal.loader.BuiltinClassLoader.defineClass(Ljava/lang/String;Ljdk/internal/loader/BuiltinClassLoader$LoadedModule;)Ljava/lang/Class;+127 java.base@17.0.5
J 898 c1 jdk.internal.loader.BuiltinClassLoader.loadClassOrNull(Ljava/lang/String;Z)Ljava/lang/Class; java.base@17.0.5 (143 bytes) @ 0x000002160cfe4b44 [0x000002160cfe4880+0x00000000000002c4]
J 898 c1 jdk.internal.loader.BuiltinClassLoader.loadClassOrNull(Ljava/lang/String;Z)Ljava/lang/Class; java.base@17.0.5 (143 bytes) @ 0x000002160cfe4c0c [0x000002160cfe4880+0x000000000000038c]
J 1006 c1 jdk.internal.loader.ClassLoaders$AppClassLoader.loadClass(Ljava/lang/String;Z)Ljava/lang/Class; java.base@17.0.5 (40 bytes) @ 0x000002160d01a024 [0x000002160d019ee0+0x0000000000000144]
J 1005 c1 java.lang.ClassLoader.loadClass(Ljava/lang/String;)Ljava/lang/Class; java.base@17.0.5 (7 bytes) @ 0x000002160d019464 [0x000002160d019420+0x0000000000000044]
v  ~StubRoutines::call_stub
j  com.mysql.cj.jdbc.NonRegisteringDriver.connect(Ljava/lang/String;Ljava/util/Properties;)Ljava/sql/Connection;+72
j  com.zaxxer.hikari.util.DriverDataSource.getConnection(Ljava/lang/String;Ljava/lang/String;)Ljava/sql/Connection;+61
j  com.zaxxer.hikari.pool.PoolBase.newConnection()Ljava/sql/Connection;+49
j  com.zaxxer.hikari.pool.PoolBase.newPoolEntry()Lcom/zaxxer/hikari/pool/PoolEntry;+5
j  com.zaxxer.hikari.pool.HikariPool.createPoolEntry()Lcom/zaxxer/hikari/pool/PoolEntry;+1
j  com.zaxxer.hikari.pool.HikariPool.checkFailFast()V+20
j  com.zaxxer.hikari.pool.HikariPool.<init>(Lcom/zaxxer/hikari/HikariConfig;)V+138
j  com.zaxxer.hikari.HikariDataSource.getConnection()Ljava/sql/Connection;+82
j  org.springframework.jdbc.datasource.DataSourceUtils.fetchConnection(Ljavax/sql/DataSource;)Ljava/sql/Connection;+1
j  org.springframework.jdbc.datasource.DataSourceUtils.doGetConnection(Ljavax/sql/DataSource;)Ljava/sql/Connection;+77
j  org.springframework.jdbc.datasource.DataSourceUtils.getConnection(Ljavax/sql/DataSource;)Ljava/sql/Connection;+1
j  org.springframework.jdbc.core.JdbcTemplate.execute(Lorg/springframework/jdbc/core/ConnectionCallback;)Ljava/lang/Object;+10
j  org.springframework.boot.jdbc.EmbeddedDatabaseConnection.isEmbedded(Ljavax/sql/DataSource;)Z+15
j  org.springframework.boot.autoconfigure.orm.jpa.HibernateDefaultDdlAutoProvider.getDefaultDdlAuto(Ljavax/sql/DataSource;)Ljava/lang/String;+1
j  org.springframework.boot.autoconfigure.orm.jpa.HibernateJpaConfiguration.lambda$getVendorProperties$1()Ljava/lang/String;+8
j  org.springframework.boot.autoconfigure.orm.jpa.HibernateJpaConfiguration$$Lambda$792+0x000000080104b210.get()Ljava/lang/Object;+4
j  org.springframework.boot.autoconfigure.orm.jpa.HibernateSettings.getDdlAuto()Ljava/lang/String;+11
j  org.springframework.boot.autoconfigure.orm.jpa.HibernateProperties$$Lambda$796+0x000000080104c508.get()Ljava/lang/Object;+4
j  org.springframework.boot.autoconfigure.orm.jpa.HibernateProperties.determineDdlAuto(Ljava/util/Map;Ljava/util/function/Supplier;)Ljava/lang/String;+44
j  org.springframework.boot.autoconfigure.orm.jpa.HibernateProperties.getAdditionalProperties(Ljava/util/Map;Lorg/springframework/boot/autoconfigure/orm/jpa/HibernateSettings;)Ljava/util/Map;+35
j  org.springframework.boot.autoconfigure.orm.jpa.HibernateProperties.determineHibernateProperties(Ljava/util/Map;Lorg/springframework/boot/autoconfigure/orm/jpa/HibernateSettings;)Ljava/util/Map;+15
j  org.springframework.boot.autoconfigure.orm.jpa.HibernateJpaConfiguration.getVendorProperties()Ljava/util/Map;+40
j  org.springframework.boot.autoconfigure.orm.jpa.JpaBaseConfiguration.entityManagerFactory(Lorg/springframework/boot/orm/jpa/EntityManagerFactoryBuilder;Lorg/springframework/orm/jpa/persistenceunit/PersistenceManagedTypes;)Lorg/springframework/orm/jpa/LocalContainerEntityManagerFactoryBean;+1
v  ~StubRoutines::call_stub
j  jdk.internal.reflect.NativeMethodAccessorImpl.invoke0(Ljava/lang/reflect/Method;Ljava/lang/Object;[Ljava/lang/Object;)Ljava/lang/Object;+0 java.base@17.0.5
j  jdk.internal.reflect.NativeMethodAccessorImpl.invoke(Ljava/lang/Object;[Ljava/lang/Object;)Ljava/lang/Object;+133 java.base@17.0.5
j  jdk.internal.reflect.DelegatingMethodAccessorImpl.invoke(Ljava/lang/Object;[Ljava/lang/Object;)Ljava/lang/Object;+6 java.base@17.0.5
j  java.lang.reflect.Method.invoke(Ljava/lang/Object;[Ljava/lang/Object;)Ljava/lang/Object;+59 java.base@17.0.5
j  org.springframework.beans.factory.support.SimpleInstantiationStrategy.instantiate(Lorg/springframework/beans/factory/support/RootBeanDefinition;Ljava/lang/String;Lorg/springframework/beans/factory/BeanFactory;Ljava/lang/Object;Ljava/lang/reflect/Method;[Ljava/lang/Object;)Ljava/lang/Object;+30
j  org.springframework.beans.factory.support.ConstructorResolver.instantiate(Ljava/lang/String;Lorg/springframework/beans/factory/support/RootBeanDefinition;Ljava/lang/Object;Ljava/lang/reflect/Method;[Ljava/lang/Object;)Ljava/lang/Object;+18
j  org.springframework.beans.factory.support.ConstructorResolver.instantiateUsingFactoryMethod(Ljava/lang/String;Lorg/springframework/beans/factory/support/RootBeanDefinition;[Ljava/lang/Object;)Lorg/springframework/beans/BeanWrapper;+1438
j  org.springframework.beans.factory.support.AbstractAutowireCapableBeanFactory.instantiateUsingFactoryMethod(Ljava/lang/String;Lorg/springframework/beans/factory/support/RootBeanDefinition;[Ljava/lang/Object;)Lorg/springframework/beans/BeanWrapper;+11
j  org.springframework.beans.factory.support.AbstractAutowireCapableBeanFactory.createBeanInstance(Ljava/lang/String;Lorg/springframework/beans/factory/support/RootBeanDefinition;[Ljava/lang/Object;)Lorg/springframework/beans/BeanWrapper;+89
j  org.springframework.beans.factory.support.AbstractAutowireCapableBeanFactory.doCreateBean(Ljava/lang/String;Lorg/springframework/beans/factory/support/RootBeanDefinition;[Ljava/lang/Object;)Ljava/lang/Object;+34
j  org.springframework.beans.factory.support.AbstractAutowireCapableBeanFactory.createBean(Ljava/lang/String;Lorg/springframework/beans/factory/support/RootBeanDefinition;[Ljava/lang/Object;)Ljava/lang/Object;+153
j  org.springframework.beans.factory.support.AbstractBeanFactory.lambda$doGetBean$0(Ljava/lang/String;Lorg/springframework/beans/factory/support/RootBeanDefinition;[Ljava/lang/Object;)Ljava/lang/Object;+4
j  org.springframework.beans.factory.support.AbstractBeanFactory$$Lambda$351+0x0000000800e01e10.getObject()Ljava/lang/Object;+16
j  org.springframework.beans.factory.support.DefaultSingletonBeanRegistry.getSingleton(Ljava/lang/String;Lorg/springframework/beans/factory/ObjectFactory;)Ljava/lang/Object;+114
J 2571 c1 org.springframework.beans.factory.support.AbstractBeanFactory.doGetBean(Ljava/lang/String;Ljava/lang/Class;[Ljava/lang/Object;Z)Ljava/lang/Object; (740 bytes) @ 0x000002160d3bb344 [0x000002160d3bad80+0x00000000000005c4]
j  org.springframework.beans.factory.support.AbstractBeanFactory.getBean(Ljava/lang/String;)Ljava/lang/Object;+5
j  org.springframework.context.support.AbstractApplicationContext.getBean(Ljava/lang/String;)Ljava/lang/Object;+9
j  org.springframework.context.support.AbstractApplicationContext.finishBeanFactoryInitialization(Lorg/springframework/beans/factory/config/ConfigurableListableBeanFactory;)V+106
j  org.springframework.context.support.AbstractApplicationContext.refresh()V+86
j  org.springframework.boot.web.servlet.context.ServletWebServerApplicationContext.refresh()V+1
j  org.springframework.boot.SpringApplication.refresh(Lorg/springframework/context/ConfigurableApplicationContext;)V+1
j  org.springframework.boot.SpringApplication.refreshContext(Lorg/springframework/context/ConfigurableApplicationContext;)V+16
j  org.springframework.boot.SpringApplication.run([Ljava/lang/String;)Lorg/springframework/context/ConfigurableApplicationContext;+110
j  org.springframework.boot.SpringApplication.run([Ljava/lang/Class;[Ljava/lang/String;)Lorg/springframework/context/ConfigurableApplicationContext;+9
j  org.springframework.boot.SpringApplication.run(Ljava/lang/Class;[Ljava/lang/String;)Lorg/springframework/context/ConfigurableApplicationContext;+9
j  com.example.pbl04.Pbl04Application.main([Ljava/lang/String;)V+3
v  ~StubRoutines::call_stub
j  jdk.internal.reflect.NativeMethodAccessorImpl.invoke0(Ljava/lang/reflect/Method;Ljava/lang/Object;[Ljava/lang/Object;)Ljava/lang/Object;+0 java.base@17.0.5
j  jdk.internal.reflect.NativeMethodAccessorImpl.invoke(Ljava/lang/Object;[Ljava/lang/Object;)Ljava/lang/Object;+133 java.base@17.0.5
j  jdk.internal.reflect.DelegatingMethodAccessorImpl.invoke(Ljava/lang/Object;[Ljava/lang/Object;)Ljava/lang/Object;+6 java.base@17.0.5
j  java.lang.reflect.Method.invoke(Ljava/lang/Object;[Ljava/lang/Object;)Ljava/lang/Object;+59 java.base@17.0.5
j  org.springframework.boot.devtools.restart.RestartLauncher.run()V+47
v  ~StubRoutines::call_stub

---------------  P R O C E S S  ---------------

Threads class SMR info:
_java_thread_list=0x0000021619ee85c0, length=24, elements={
0x000002160522a020, 0x000002161721ad30, 0x000002161721b6e0, 0x0000021617231680,
0x0000021617232030, 0x00000216172329e0, 0x00000216172357a0, 0x0000021617237820,
0x000002161726fae0, 0x0000021617206560, 0x0000021617c8f280, 0x0000021617ff95e0,
0x0000021617ffbc70, 0x000002161817ba40, 0x0000021618508ec0, 0x000002161843d660,
0x00000216186422a0, 0x0000021619854fe0, 0x0000021619b074e0, 0x0000021619b31b70,
0x0000021619dfd830, 0x0000021619dd9ce0, 0x000002161a123430, 0x000002161a123900
}

Java Threads: ( => current thread )
  0x000002160522a020 JavaThread "main" [_thread_blocked, id=1248, stack(0x00000079a1d00000,0x00000079a1e00000)]
  0x000002161721ad30 JavaThread "Reference Handler" daemon [_thread_blocked, id=12376, stack(0x00000079a2400000,0x00000079a2500000)]
  0x000002161721b6e0 JavaThread "Finalizer" daemon [_thread_blocked, id=12292, stack(0x00000079a2500000,0x00000079a2600000)]
  0x0000021617231680 JavaThread "Signal Dispatcher" daemon [_thread_blocked, id=7092, stack(0x00000079a2600000,0x00000079a2700000)]
  0x0000021617232030 JavaThread "Attach Listener" daemon [_thread_blocked, id=10816, stack(0x00000079a2700000,0x00000079a2800000)]
  0x00000216172329e0 JavaThread "Service Thread" daemon [_thread_blocked, id=8072, stack(0x00000079a2800000,0x00000079a2900000)]
  0x00000216172357a0 JavaThread "Monitor Deflation Thread" daemon [_thread_blocked, id=13656, stack(0x00000079a2900000,0x00000079a2a00000)]
  0x0000021617237820 JavaThread "C1 CompilerThread0" daemon [_thread_blocked, id=2388, stack(0x00000079a2a00000,0x00000079a2b00000)]
  0x000002161726fae0 JavaThread "Sweeper thread" daemon [_thread_blocked, id=16584, stack(0x00000079a2b00000,0x00000079a2c00000)]
  0x0000021617206560 JavaThread "Common-Cleaner" daemon [_thread_blocked, id=3748, stack(0x00000079a2c00000,0x00000079a2d00000)]
  0x0000021617c8f280 JavaThread "C1 CompilerThread1" daemon [_thread_blocked, id=876, stack(0x00000079a2d00000,0x00000079a2e00000)]
  0x0000021617ff95e0 JavaThread "Monitor Ctrl-Break" daemon [_thread_in_native, id=11836, stack(0x00000079a2e00000,0x00000079a2f00000)]
  0x0000021617ffbc70 JavaThread "Notification Thread" daemon [_thread_blocked, id=16988, stack(0x00000079a2f00000,0x00000079a3000000)]
  0x000002161817ba40 JavaThread "RMI TCP Accept-0" daemon [_thread_in_native, id=9104, stack(0x00000079a3000000,0x00000079a3100000)]
  0x0000021618508ec0 JavaThread "Thread-0" [_thread_blocked, id=8136, stack(0x00000079a3200000,0x00000079a3300000)]
=>0x000002161843d660 JavaThread "restartedMain" [_thread_in_vm, id=1272, stack(0x00000079a3300000,0x00000079a3400000)]
  0x00000216186422a0 JavaThread "C1 CompilerThread2" daemon [_thread_blocked, id=8012, stack(0x00000079a3c00000,0x00000079a3d00000)]
  0x0000021619854fe0 JavaThread "C1 CompilerThread3" daemon [_thread_blocked, id=9300, stack(0x00000079a3f00000,0x00000079a4000000)]
  0x0000021619b074e0 JavaThread "RMI TCP Connection(1)-10.10.58.168" daemon [_thread_in_native, id=11068, stack(0x00000079a3d00000,0x00000079a3e00000)]
  0x0000021619b31b70 JavaThread "RMI Scheduler(0)" daemon [_thread_blocked, id=2564, stack(0x00000079a4000000,0x00000079a4100000)]
  0x0000021619dfd830 JavaThread "Catalina-utility-1" [_thread_blocked, id=11048, stack(0x00000079a4200000,0x00000079a4300000)]
  0x0000021619dd9ce0 JavaThread "Catalina-utility-2" [_thread_blocked, id=2748, stack(0x00000079a4300000,0x00000079a4400000)]
  0x000002161a123430 JavaThread "container-0" [_thread_blocked, id=14904, stack(0x00000079a4400000,0x00000079a4500000)]
  0x000002161a123900 JavaThread "mysql-cj-abandoned-connection-cleanup" daemon [_thread_blocked, id=13988, stack(0x00000079a4500000,0x00000079a4600000)]

Other Threads:
  0x0000021617215f90 VMThread "VM Thread" [stack: 0x00000079a2300000,0x00000079a2400000] [id=11968]
  0x000002160522afd0 WatcherThread [stack: 0x00000079a3100000,0x00000079a3200000] [id=16904]
  0x00000216052826d0 GCTaskThread "GC Thread#0" [stack: 0x00000079a1e00000,0x00000079a1f00000] [id=6640]
  0x0000021618530330 GCTaskThread "GC Thread#1" [stack: 0x00000079a3400000,0x00000079a3500000] [id=17052]
  0x00000216185305e0 GCTaskThread "GC Thread#2" [stack: 0x00000079a3500000,0x00000079a3600000] [id=920]
  0x0000021618530890 GCTaskThread "GC Thread#3" [stack: 0x00000079a3600000,0x00000079a3700000] [id=6492]
  0x0000021618548440 GCTaskThread "GC Thread#4" [stack: 0x00000079a3700000,0x00000079a3800000] [id=12568]
  0x00000216185486f0 GCTaskThread "GC Thread#5" [stack: 0x00000079a3800000,0x00000079a3900000] [id=14136]
  0x0000021618579c00 GCTaskThread "GC Thread#6" [stack: 0x00000079a3900000,0x00000079a3a00000] [id=9248]
  0x00000216187408f0 GCTaskThread "GC Thread#7" [stack: 0x00000079a3e00000,0x00000079a3f00000] [id=14352]
  0x0000021605293da0 ConcurrentGCThread "G1 Main Marker" [stack: 0x00000079a1f00000,0x00000079a2000000] [id=5372]
  0x0000021605295f60 ConcurrentGCThread "G1 Conc#0" [stack: 0x00000079a2000000,0x00000079a2100000] [id=12716]
  0x0000021619baf3e0 ConcurrentGCThread "G1 Conc#1" [stack: 0x00000079a4100000,0x00000079a4200000] [id=7204]
  0x00000216052eece0 ConcurrentGCThread "G1 Refine#0" [stack: 0x00000079a2100000,0x00000079a2200000] [id=7004]
  0x000002161857a2c0 ConcurrentGCThread "G1 Refine#1" [stack: 0x00000079a3a00000,0x00000079a3b00000] [id=9724]
  0x0000021617e1a210 ConcurrentGCThread "G1 Refine#2" [stack: 0x00000079a3b00000,0x00000079a3c00000] [id=13760]
  0x00000216170c4800 ConcurrentGCThread "G1 Service" [stack: 0x00000079a2200000,0x00000079a2300000] [id=7096]

Threads with active compile tasks:

VM state: not at safepoint (normal execution)

VM Mutex/Monitor currently owned by a thread:  ([mutex/lock_event])
[0x0000021605223e50] Metaspace_lock - owner thread: 0x000002161843d660

Heap address: 0x0000000084400000, size: 1980 MB, Compressed Oops mode: 32-bit

CDS archive(s) mapped at: [0x0000000800000000-0x0000000800bc0000-0x0000000800bc0000), size 12320768, SharedBaseAddress: 0x0000000800000000, ArchiveRelocationMode: 0.
Compressed class space mapped at: 0x0000000800c00000-0x0000000840c00000, reserved size: 1073741824
Narrow klass base: 0x0000000800000000, Narrow klass shift: 0, Narrow klass range: 0x100000000

GC Precious Log:
 CPUs: 8 total, 8 available
 Memory: 7914M
 Large Page Support: Disabled
 NUMA Support: Disabled
 Compressed Oops: Enabled (32-bit)
 Heap Region Size: 1M
 Heap Min Capacity: 8M
 Heap Initial Capacity: 124M
 Heap Max Capacity: 1980M
 Pre-touch: Disabled
 Parallel Workers: 8
 Concurrent Workers: 2
 Concurrent Refinement Workers: 8
 Periodic GC: Disabled

Heap:
 garbage-first heap   total 51200K, used 31147K [0x0000000084400000, 0x0000000100000000)
  region size 1024K, 17 young (17408K), 2 survivors (2048K)
 Metaspace       used 29336K, committed 29760K, reserved 1081344K
  class space    used 4078K, committed 4288K, reserved 1048576K

Heap Regions: E=young(eden), S=young(survivor), O=old, HS=humongous(starts), HC=humongous(continues), CS=collection set, F=free, OA=open archive, CA=closed archive, TAMS=top-at-mark-start (previous, next)
|   0|0x0000000084400000, 0x0000000084500000, 0x0000000084500000|100%|HS|  |TAMS 0x0000000084500000, 0x0000000084400000| Complete 
|   1|0x0000000084500000, 0x0000000084600000, 0x0000000084600000|100%| O|  |TAMS 0x0000000084600000, 0x0000000084500000| Untracked 
|   2|0x0000000084600000, 0x0000000084700000, 0x0000000084700000|100%| O|  |TAMS 0x0000000084700000, 0x0000000084600000| Untracked 
|   3|0x0000000084700000, 0x0000000084800000, 0x0000000084800000|100%| O|  |TAMS 0x0000000084800000, 0x0000000084700000| Untracked 
|   4|0x0000000084800000, 0x0000000084900000, 0x0000000084900000|100%| O|  |TAMS 0x0000000084900000, 0x0000000084800000| Untracked 
|   5|0x0000000084900000, 0x0000000084a00000, 0x0000000084a00000|100%| O|  |TAMS 0x0000000084a00000, 0x0000000084900000| Untracked 
|   6|0x0000000084a00000, 0x0000000084b00000, 0x0000000084b00000|100%| O|  |TAMS 0x0000000084af3000, 0x0000000084a00000| Untracked 
|   7|0x0000000084b00000, 0x0000000084c00000, 0x0000000084c00000|100%| O|  |TAMS 0x0000000084b00000, 0x0000000084b00000| Untracked 
|   8|0x0000000084c00000, 0x0000000084c60600, 0x0000000084d00000| 37%| O|  |TAMS 0x0000000084c00000, 0x0000000084c00000| Untracked 
|   9|0x0000000084d00000, 0x0000000084e00000, 0x0000000084e00000|100%| O|  |TAMS 0x0000000084d00000, 0x0000000084d00000| Untracked 
|  10|0x0000000084e00000, 0x0000000084f00000, 0x0000000084f00000|100%| O|  |TAMS 0x0000000084e00000, 0x0000000084e00000| Untracked 
|  11|0x0000000084f00000, 0x0000000085000000, 0x0000000085000000|100%| O|  |TAMS 0x0000000084f00000, 0x0000000084f00000| Untracked 
|  12|0x0000000085000000, 0x0000000085100000, 0x0000000085100000|100%| O|  |TAMS 0x0000000085000000, 0x0000000085000000| Untracked 
|  13|0x0000000085100000, 0x0000000085200000, 0x0000000085200000|100%| O|  |TAMS 0x0000000085100000, 0x0000000085100000| Untracked 
|  14|0x0000000085200000, 0x0000000085300000, 0x0000000085300000|100%| O|  |TAMS 0x0000000085200000, 0x0000000085200000| Untracked 
|  15|0x0000000085300000, 0x0000000085400000, 0x0000000085400000|100%| O|  |TAMS 0x0000000085300000, 0x0000000085300000| Untracked 
|  16|0x0000000085400000, 0x0000000085400000, 0x0000000085500000|  0%| F|  |TAMS 0x0000000085400000, 0x0000000085400000| Untracked 
|  17|0x0000000085500000, 0x0000000085500000, 0x0000000085600000|  0%| F|  |TAMS 0x0000000085500000, 0x0000000085500000| Untracked 
|  18|0x0000000085600000, 0x0000000085600000, 0x0000000085700000|  0%| F|  |TAMS 0x0000000085600000, 0x0000000085600000| Untracked 
|  19|0x0000000085700000, 0x0000000085700000, 0x0000000085800000|  0%| F|  |TAMS 0x0000000085700000, 0x0000000085700000| Untracked 
|  20|0x0000000085800000, 0x000000008581b000, 0x0000000085900000| 10%| O|  |TAMS 0x0000000085800000, 0x0000000085800000| Untracked 
|  21|0x0000000085900000, 0x0000000085900000, 0x0000000085a00000|  0%| F|  |TAMS 0x0000000085900000, 0x0000000085900000| Untracked 
|  22|0x0000000085a00000, 0x0000000085a00000, 0x0000000085b00000|  0%| F|  |TAMS 0x0000000085a00000, 0x0000000085a00000| Untracked 
|  23|0x0000000085b00000, 0x0000000085b00000, 0x0000000085c00000|  0%| F|  |TAMS 0x0000000085b00000, 0x0000000085b00000| Untracked 
|  24|0x0000000085c00000, 0x0000000085c00000, 0x0000000085d00000|  0%| F|  |TAMS 0x0000000085c00000, 0x0000000085c00000| Untracked 
|  25|0x0000000085d00000, 0x0000000085d00000, 0x0000000085e00000|  0%| F|  |TAMS 0x0000000085d00000, 0x0000000085d00000| Untracked 
|  26|0x0000000085e00000, 0x0000000085e00000, 0x0000000085f00000|  0%| F|  |TAMS 0x0000000085e00000, 0x0000000085e00000| Untracked 
|  27|0x0000000085f00000, 0x0000000085f00000, 0x0000000086000000|  0%| F|  |TAMS 0x0000000085f00000, 0x0000000085f00000| Untracked 
|  28|0x0000000086000000, 0x0000000086000000, 0x0000000086100000|  0%| F|  |TAMS 0x0000000086000000, 0x0000000086000000| Untracked 
|  29|0x0000000086100000, 0x00000000861ef928, 0x0000000086200000| 93%| S|CS|TAMS 0x0000000086100000, 0x0000000086100000| Complete 
|  30|0x0000000086200000, 0x0000000086300000, 0x0000000086300000|100%| S|CS|TAMS 0x0000000086200000, 0x0000000086200000| Complete 
|  31|0x0000000086300000, 0x0000000086300000, 0x0000000086400000|  0%| F|  |TAMS 0x0000000086300000, 0x0000000086300000| Untracked 
|  32|0x0000000086400000, 0x0000000086400000, 0x0000000086500000|  0%| F|  |TAMS 0x0000000086400000, 0x0000000086400000| Untracked 
|  33|0x0000000086500000, 0x0000000086500000, 0x0000000086600000|  0%| F|  |TAMS 0x0000000086500000, 0x0000000086500000| Untracked 
|  34|0x0000000086600000, 0x0000000086600000, 0x0000000086700000|  0%| F|  |TAMS 0x0000000086600000, 0x0000000086600000| Untracked 
|  35|0x0000000086700000, 0x00000000867610a0, 0x0000000086800000| 37%| E|  |TAMS 0x0000000086700000, 0x0000000086700000| Complete 
|  36|0x0000000086800000, 0x0000000086900000, 0x0000000086900000|100%| E|CS|TAMS 0x0000000086800000, 0x0000000086800000| Complete 
|  37|0x0000000086900000, 0x0000000086a00000, 0x0000000086a00000|100%| E|CS|TAMS 0x0000000086900000, 0x0000000086900000| Complete 
|  38|0x0000000086a00000, 0x0000000086b00000, 0x0000000086b00000|100%| E|CS|TAMS 0x0000000086a00000, 0x0000000086a00000| Complete 
|  39|0x0000000086b00000, 0x0000000086c00000, 0x0000000086c00000|100%| E|CS|TAMS 0x0000000086b00000, 0x0000000086b00000| Complete 
|  40|0x0000000086c00000, 0x0000000086d00000, 0x0000000086d00000|100%| E|CS|TAMS 0x0000000086c00000, 0x0000000086c00000| Complete 
|  41|0x0000000086d00000, 0x0000000086e00000, 0x0000000086e00000|100%| E|CS|TAMS 0x0000000086d00000, 0x0000000086d00000| Complete 
|  42|0x0000000086e00000, 0x0000000086f00000, 0x0000000086f00000|100%| E|CS|TAMS 0x0000000086e00000, 0x0000000086e00000| Complete 
|  43|0x0000000086f00000, 0x0000000087000000, 0x0000000087000000|100%| E|CS|TAMS 0x0000000086f00000, 0x0000000086f00000| Complete 
| 109|0x000000008b100000, 0x000000008b200000, 0x000000008b200000|100%| E|CS|TAMS 0x000000008b100000, 0x000000008b100000| Complete 
| 110|0x000000008b200000, 0x000000008b300000, 0x000000008b300000|100%| E|CS|TAMS 0x000000008b200000, 0x000000008b200000| Complete 
| 111|0x000000008b300000, 0x000000008b400000, 0x000000008b400000|100%| E|  |TAMS 0x000000008b300000, 0x000000008b300000| Complete 
| 112|0x000000008b400000, 0x000000008b500000, 0x000000008b500000|100%| E|CS|TAMS 0x000000008b400000, 0x000000008b400000| Complete 
| 113|0x000000008b500000, 0x000000008b600000, 0x000000008b600000|100%| E|CS|TAMS 0x000000008b500000, 0x000000008b500000| Complete 
| 123|0x000000008bf00000, 0x000000008c000000, 0x000000008c000000|100%| E|CS|TAMS 0x000000008bf00000, 0x000000008bf00000| Complete 

Card table byte_map: [0x0000021610200000,0x00000216105e0000] _byte_map_base: 0x000002160fdde000

Marking Bits (Prev, Next): (CMBitMap*) 0x0000021605283d30, (CMBitMap*) 0x0000021605283cf0
 Prev Bits: [0x00000216128b0000, 0x00000216147a0000)
 Next Bits: [0x00000216109c0000, 0x00000216128b0000)

Polling page: 0x00000216031d0000

Metaspace:

Usage:
  Non-class:     24.67 MB used.
      Class:      3.98 MB used.
       Both:     28.65 MB used.

Virtual space:
  Non-class space:       32.00 MB reserved,      24.88 MB ( 78%) committed,  4 nodes.
      Class space:        1.00 GB reserved,       4.19 MB ( <1%) committed,  1 nodes.
             Both:        1.03 GB reserved,      29.06 MB (  3%) committed. 

Chunk freelists:
   Non-Class:  2.23 MB
       Class:  3.62 MB
        Both:  5.86 MB

MaxMetaspaceSize: unlimited
CompressedClassSpaceSize: 1.00 GB
Initial GC threshold: 21.00 MB
Current GC threshold: 35.12 MB
CDS: on
MetaspaceReclaimPolicy: balanced
 - commit_granule_bytes: 65536.
 - commit_granule_words: 8192.
 - virtual_space_node_default_size: 1048576.
 - enlarge_chunks_in_place: 1.
 - new_chunks_are_fully_committed: 0.
 - uncommit_free_chunks: 1.
 - use_allocation_guard: 0.
 - handle_deallocations: 1.


Internal statistics:

num_allocs_failed_limit: 3.
num_arena_births: 616.
num_arena_deaths: 0.
num_vsnodes_births: 5.
num_vsnodes_deaths: 0.
num_space_committed: 465.
num_space_uncommitted: 0.
num_chunks_returned_to_freelist: 3.
num_chunks_taken_from_freelist: 1687.
num_chunk_merges: 3.
num_chunk_splits: 1146.
num_chunks_enlarged: 800.
num_purges: 0.
num_inconsistent_stats: 0.

CodeCache: size=49152Kb used=8889Kb max_used=8889Kb free=40262Kb
 bounds [0x000002160cd10000, 0x000002160d5c0000, 0x000002160fd10000]
 total_blobs=4391 nmethods=3863 adapters=452
 compilation: enabled
              stopped_count=0, restarted_count=0
 full_count=0

Compilation events (20 events):
Event: 3.096 Thread 0x00000216186422a0 3854       1       java.nio.Buffer::mark (10 bytes)
Event: 3.096 Thread 0x00000216186422a0 nmethod 3854 0x000002160d5bbb90 code [0x000002160d5bbd20, 0x000002160d5bbdf8]
Event: 3.097 Thread 0x00000216186422a0 3855       1       java.lang.AbstractStringBuilder::appendChars (130 bytes)
Event: 3.098 Thread 0x00000216186422a0 nmethod 3855 0x000002160d5bbe90 code [0x000002160d5bc060, 0x000002160d5bc468]
Event: 3.099 Thread 0x00000216186422a0 3856       1       java.util.ResourceBundle$CacheKey::getName (5 bytes)
Event: 3.099 Thread 0x00000216186422a0 nmethod 3856 0x000002160d5bc890 code [0x000002160d5bca20, 0x000002160d5bcaf8]
Event: 3.101 Thread 0x0000021617c8f280 3857       1       jdk.internal.math.FDBigInteger::mult (64 bytes)
Event: 3.101 Thread 0x0000021619854fe0 3858       1       jdk.internal.math.FDBigInteger::<init> (30 bytes)
Event: 3.101 Thread 0x00000216186422a0 3859       1       jdk.internal.math.FDBigInteger::trimLeadingZeros (57 bytes)
Event: 3.101 Thread 0x0000021617237820 3860       1       jdk.internal.math.FDBigInteger::makeImmutable (6 bytes)
Event: 3.102 Thread 0x0000021617237820 nmethod 3860 0x000002160d5bcb90 code [0x000002160d5bcd20, 0x000002160d5bcdf8]
Event: 3.102 Thread 0x0000021619854fe0 nmethod 3858 0x000002160d5bce90 code [0x000002160d5bd020, 0x000002160d5bd168]
Event: 3.102 Thread 0x00000216186422a0 nmethod 3859 0x000002160d5bd210 code [0x000002160d5bd3a0, 0x000002160d5bd4f8]
Event: 3.102 Thread 0x0000021617c8f280 nmethod 3857 0x000002160d5bd610 code [0x000002160d5bd7c0, 0x000002160d5bd978]
Event: 3.102 Thread 0x0000021617c8f280 3861       1       jdk.internal.math.FDBigInteger::mult (44 bytes)
Event: 3.102 Thread 0x0000021617c8f280 nmethod 3861 0x000002160d5bdb10 code [0x000002160d5bdcc0, 0x000002160d5bdf98]
Event: 3.103 Thread 0x0000021617c8f280 3862       1       jdk.internal.math.FDBigInteger::size (10 bytes)
Event: 3.103 Thread 0x0000021617c8f280 nmethod 3862 0x000002160d5be090 code [0x000002160d5be220, 0x000002160d5be2f8]
Event: 3.127 Thread 0x0000021617c8f280 3863       1       java.nio.MappedByteBuffer::position (8 bytes)
Event: 3.127 Thread 0x0000021617c8f280 nmethod 3863 0x000002160d5be390 code [0x000002160d5be520, 0x000002160d5be608]

GC Heap History (12 events):
Event: 0.946 GC heap before
{Heap before GC invocations=0 (full 0):
 garbage-first heap   total 126976K, used 23552K [0x0000000084400000, 0x0000000100000000)
  region size 1024K, 23 young (23552K), 0 survivors (0K)
 Metaspace       used 6983K, committed 7104K, reserved 1056768K
  class space    used 891K, committed 960K, reserved 1048576K
}
Event: 0.952 GC heap after
{Heap after GC invocations=1 (full 0):
 garbage-first heap   total 126976K, used 7211K [0x0000000084400000, 0x0000000100000000)
  region size 1024K, 3 young (3072K), 3 survivors (3072K)
 Metaspace       used 6983K, committed 7104K, reserved 1056768K
  class space    used 891K, committed 960K, reserved 1048576K
}
Event: 1.377 GC heap before
{Heap before GC invocations=1 (full 0):
 garbage-first heap   total 126976K, used 29739K [0x0000000084400000, 0x0000000100000000)
  region size 1024K, 26 young (26624K), 3 survivors (3072K)
 Metaspace       used 12206K, committed 12416K, reserved 1064960K
  class space    used 1624K, committed 1728K, reserved 1048576K
}
Event: 1.382 GC heap after
{Heap after GC invocations=2 (full 0):
 garbage-first heap   total 126976K, used 8712K [0x0000000084400000, 0x0000000100000000)
  region size 1024K, 2 young (2048K), 2 survivors (2048K)
 Metaspace       used 12206K, committed 12416K, reserved 1064960K
  class space    used 1624K, committed 1728K, reserved 1048576K
}
Event: 2.086 GC heap before
{Heap before GC invocations=2 (full 0):
 garbage-first heap   total 126976K, used 59912K [0x0000000084400000, 0x0000000100000000)
  region size 1024K, 53 young (54272K), 2 survivors (2048K)
 Metaspace       used 19933K, committed 20352K, reserved 1073152K
  class space    used 2691K, committed 2880K, reserved 1048576K
}
Event: 2.093 GC heap after
{Heap after GC invocations=3 (full 0):
 garbage-first heap   total 126976K, used 13456K [0x0000000084400000, 0x0000000100000000)
  region size 1024K, 7 young (7168K), 7 survivors (7168K)
 Metaspace       used 19933K, committed 20352K, reserved 1073152K
  class space    used 2691K, committed 2880K, reserved 1048576K
}
Event: 2.218 GC heap before
{Heap before GC invocations=3 (full 0):
 garbage-first heap   total 126976K, used 22672K [0x0000000084400000, 0x0000000100000000)
  region size 1024K, 17 young (17408K), 7 survivors (7168K)
 Metaspace       used 21201K, committed 21504K, reserved 1073152K
  class space    used 2875K, committed 3008K, reserved 1048576K
}
Event: 2.224 GC heap after
{Heap after GC invocations=4 (full 0):
 garbage-first heap   total 126976K, used 13697K [0x0000000084400000, 0x0000000100000000)
  region size 1024K, 5 young (5120K), 5 survivors (5120K)
 Metaspace       used 21201K, committed 21504K, reserved 1073152K
  class space    used 2875K, committed 3008K, reserved 1048576K
}
Event: 2.584 GC heap before
{Heap before GC invocations=5 (full 0):
 garbage-first heap   total 51200K, used 38273K [0x0000000084400000, 0x0000000100000000)
  region size 1024K, 30 young (30720K), 5 survivors (5120K)
 Metaspace       used 24447K, committed 24832K, reserved 1073152K
  class space    used 3413K, committed 3584K, reserved 1048576K
}
Event: 2.590 GC heap after
{Heap after GC invocations=6 (full 0):
 garbage-first heap   total 51200K, used 16130K [0x0000000084400000, 0x0000000100000000)
  region size 1024K, 4 young (4096K), 4 survivors (4096K)
 Metaspace       used 24447K, committed 24832K, reserved 1073152K
  class space    used 3413K, committed 3584K, reserved 1048576K
}
Event: 2.878 GC heap before
{Heap before GC invocations=6 (full 0):
 garbage-first heap   total 51200K, used 34562K [0x0000000084400000, 0x0000000100000000)
  region size 1024K, 23 young (23552K), 4 survivors (4096K)
 Metaspace       used 27290K, committed 27776K, reserved 1081344K
  class space    used 3795K, committed 4032K, reserved 1048576K
}
Event: 2.882 GC heap after
{Heap after GC invocations=7 (full 0):
 garbage-first heap   total 51200K, used 17835K [0x0000000084400000, 0x0000000100000000)
  region size 1024K, 2 young (2048K), 2 survivors (2048K)
 Metaspace       used 27290K, committed 27776K, reserved 1081344K
  class space    used 3795K, committed 4032K, reserved 1048576K
}

Dll operation events (12 events):
Event: 0.045 Loaded shared library C:\Java\bin\java.dll
Event: 0.056 Loaded shared library C:\Java\bin\jsvml.dll
Event: 0.158 Loaded shared library C:\Java\bin\zip.dll
Event: 0.161 Loaded shared library C:\Java\bin\instrument.dll
Event: 0.168 Loaded shared library C:\Java\bin\net.dll
Event: 0.169 Loaded shared library C:\Java\bin\nio.dll
Event: 0.176 Loaded shared library C:\Java\bin\zip.dll
Event: 0.293 Loaded shared library D:\IntelliJ IDEA 2023.2.5\bin\breakgen64.dll
Event: 0.311 Loaded shared library C:\Java\bin\jimage.dll
Event: 0.332 Loaded shared library C:\Java\bin\management.dll
Event: 0.346 Loaded shared library C:\Java\bin\management_ext.dll
Event: 1.625 Loaded shared library C:\Java\bin\sunmscapi.dll

Deoptimization events (8 events):
Event: 1.441 Thread 0x000002161843d660 DEOPT PACKING pc=0x000002160d2c4799 sp=0x00000079a33fcd40
Event: 1.441 Thread 0x000002161843d660 DEOPT UNPACKING pc=0x000002160cd666e3 sp=0x00000079a33fc220 mode 3
Event: 1.820 Thread 0x000002161843d660 DEOPT PACKING pc=0x000002160d3270d5 sp=0x00000079a33fdb50
Event: 1.820 Thread 0x000002161843d660 DEOPT UNPACKING pc=0x000002160cd666e3 sp=0x00000079a33fcff8 mode 3
Event: 2.950 Thread 0x000002161843d660 DEOPT PACKING pc=0x000002160d57281d sp=0x00000079a33fc100
Event: 2.950 Thread 0x000002161843d660 DEOPT UNPACKING pc=0x000002160cd666e3 sp=0x00000079a33fb668 mode 3
Event: 2.965 Thread 0x000002161843d660 DEOPT PACKING pc=0x000002160d2bb701 sp=0x00000079a33fe1f0
Event: 2.965 Thread 0x000002161843d660 DEOPT UNPACKING pc=0x000002160cd666e3 sp=0x00000079a33fd680 mode 3

Classes unloaded (0 events):
No events

Classes redefined (0 events):
No events

Internal exceptions (20 events):
Event: 2.539 Thread 0x000002161843d660 Exception <a 'java/lang/NoSuchMethodError'{0x0000000085bf8668}: 'void java.lang.invoke.DirectMethodHandle$Holder.invokeSpecial(java.lang.Object, java.lang.Object, java.lang.Object, java.lang.Object, java.lang.Object, java.lang.Object)'> (0x0000000085bf8668) 
thrown [s\src\hotspot\share\interpreter\linkResolver.cpp, line 759]
Event: 2.688 Thread 0x000002161843d660 Exception <a 'java/lang/NoSuchMethodError'{0x000000008b1bce58}: 'void java.lang.invoke.DirectMethodHandle$Holder.invokeInterface(java.lang.Object, java.lang.Object, int)'> (0x000000008b1bce58) 
thrown [s\src\hotspot\share\interpreter\linkResolver.cpp, line 759]
Event: 2.691 Thread 0x000002161843d660 Exception <a 'java/lang/IncompatibleClassChangeError'{0x0000000086f0cd90}: Found class java.lang.Object, but interface was expected> (0x0000000086f0cd90) 
thrown [s\src\hotspot\share\interpreter\linkResolver.cpp, line 826]
Event: 2.691 Thread 0x000002161843d660 Exception <a 'java/lang/NoSuchMethodError'{0x0000000086f25870}: 'void java.lang.invoke.DirectMethodHandle$Holder.invokeStatic(java.lang.Object, int, java.lang.Object)'> (0x0000000086f25870) 
thrown [s\src\hotspot\share\interpreter\linkResolver.cpp, line 759]
Event: 2.695 Thread 0x000002161843d660 Exception <a 'java/lang/NoSuchMethodError'{0x0000000086f61e38}: 'void java.lang.invoke.DirectMethodHandle$Holder.invokeVirtual(java.lang.Object, java.lang.Object, int)'> (0x0000000086f61e38) 
thrown [s\src\hotspot\share\interpreter\linkResolver.cpp, line 759]
Event: 2.695 Thread 0x000002161843d660 Exception <a 'java/lang/NoSuchMethodError'{0x0000000086f68080}: 'void java.lang.invoke.DirectMethodHandle$Holder.invokeStatic(java.lang.Object, java.lang.Object, java.lang.Object, int, java.lang.Object)'> (0x0000000086f68080) 
thrown [s\src\hotspot\share\interpreter\linkResolver.cpp, line 759]
Event: 2.696 Thread 0x000002161843d660 Exception <a 'java/lang/NoSuchMethodError'{0x0000000086f6f588}: 'java.lang.Object java.lang.invoke.DirectMethodHandle$Holder.newInvokeSpecial(java.lang.Object, java.lang.Object, java.lang.Object, int)'> (0x0000000086f6f588) 
thrown [s\src\hotspot\share\interpreter\linkResolver.cpp, line 759]
Event: 2.696 Thread 0x000002161843d660 Exception <a 'java/lang/NoSuchMethodError'{0x0000000086f73870}: 'java.lang.Object java.lang.invoke.DirectMethodHandle$Holder.invokeSpecial(java.lang.Object, java.lang.Object, java.lang.Object, java.lang.Object, int)'> (0x0000000086f73870) 
thrown [s\src\hotspot\share\interpreter\linkResolver.cpp, line 759]
Event: 2.696 Thread 0x000002161843d660 Exception <a 'java/lang/NoSuchMethodError'{0x0000000086f77438}: 'java.lang.Object java.lang.invoke.Invokers$Holder.linkToTargetMethod(java.lang.Object, java.lang.Object, int, java.lang.Object)'> (0x0000000086f77438) 
thrown [s\src\hotspot\share\interpreter\linkResolver.cpp, line 759]
Event: 2.850 Thread 0x000002161843d660 Exception <a 'sun/nio/fs/WindowsException'{0x000000008649e448}> (0x000000008649e448) 
thrown [s\src\hotspot\share\prims\jni.cpp, line 516]
Event: 2.851 Thread 0x000002161843d660 Exception <a 'sun/nio/fs/WindowsException'{0x00000000864a3de0}> (0x00000000864a3de0) 
thrown [s\src\hotspot\share\prims\jni.cpp, line 516]
Event: 2.851 Thread 0x000002161843d660 Exception <a 'sun/nio/fs/WindowsException'{0x00000000864a44b8}> (0x00000000864a44b8) 
thrown [s\src\hotspot\share\prims\jni.cpp, line 516]
Event: 2.872 Thread 0x000002161843d660 Exception <a 'java/lang/NoSuchMethodError'{0x00000000863b0ca0}: 'java.lang.Object java.lang.invoke.DirectMethodHandle$Holder.invokeSpecial(java.lang.Object, java.lang.Object, long, java.lang.Object, java.lang.Object, java.lang.Object, java.lang.Object, java.lang.Object, java.lang.Object)'> (0x00000000863b0ca0) 
thrown [s\src\hotspot\share\interpreter\linkResolver.cpp, line 759]
Event: 2.873 Thread 0x000002161843d660 Exception <a 'java/lang/NoSuchMethodError'{0x00000000863b57c8}: 'java.lang.Object java.lang.invoke.DelegatingMethodHandle$Holder.reinvoke_L(java.lang.Object, long, java.lang.Object, java.lang.Object, java.lang.Object, java.lang.Object, java.lang.Object, java.lang.Object)'> (0x00000000863b57c8) 
thrown [s\src\hotspot\share\interpreter\linkResolver.cpp, line 759]
Event: 2.907 Thread 0x000002161843d660 Exception <a 'java/io/FileNotFoundException'{0x000000008b50c7d8}> (0x000000008b50c7d8) 
thrown [s\src\hotspot\share\prims\jni.cpp, line 516]
Event: 2.924 Thread 0x000002161843d660 Exception <a 'java/lang/NoSuchMethodError'{0x000000008b47cb60}: 'int java.lang.invoke.DirectMethodHandle$Holder.invokeInterface(java.lang.Object, java.lang.Object, java.lang.Object, java.lang.Object)'> (0x000000008b47cb60) 
thrown [s\src\hotspot\share\interpreter\linkResolver.cpp, line 759]
Event: 2.953 Thread 0x000002161843d660 Exception <a 'java/lang/NoSuchMethodError'{0x000000008b29c4e0}: 'long java.lang.invoke.DirectMethodHandle$Holder.invokeVirtual(java.lang.Object, java.lang.Object)'> (0x000000008b29c4e0) 
thrown [s\src\hotspot\share\interpreter\linkResolver.cpp, line 759]
Event: 2.956 Thread 0x000002161843d660 Exception <a 'java/io/FileNotFoundException'{0x000000008b2d02b8}> (0x000000008b2d02b8) 
thrown [s\src\hotspot\share\prims\jni.cpp, line 516]
Event: 3.037 Thread 0x0000021619b074e0 Exception <a 'java/lang/reflect/InvocationTargetException'{0x0000000086a53648}> (0x0000000086a53648) 
thrown [s\src\hotspot\share\runtime\reflection.cpp, line 1121]
Event: 3.043 Thread 0x000002161843d660 Exception <a 'sun/nio/fs/WindowsException'{0x0000000086a59af8}> (0x0000000086a59af8) 
thrown [s\src\hotspot\share\prims\jni.cpp, line 516]

VM Operations (20 events):
Event: 2.548 Executing VM operation: HandshakeAllThreads
Event: 2.548 Executing VM operation: HandshakeAllThreads done
Event: 2.581 Executing VM operation: ICBufferFull
Event: 2.581 Executing VM operation: ICBufferFull done
Event: 2.584 Executing VM operation: G1CollectForAllocation
Event: 2.590 Executing VM operation: G1CollectForAllocation done
Event: 2.735 Executing VM operation: HandshakeAllThreads
Event: 2.735 Executing VM operation: HandshakeAllThreads done
Event: 2.878 Executing VM operation: G1CollectForAllocation
Event: 2.882 Executing VM operation: G1CollectForAllocation done
Event: 2.890 Executing VM operation: HandshakeAllThreads
Event: 2.890 Executing VM operation: HandshakeAllThreads done
Event: 2.936 Executing VM operation: HandshakeAllThreads
Event: 2.936 Executing VM operation: HandshakeAllThreads done
Event: 2.936 Executing VM operation: HandshakeAllThreads
Event: 2.936 Executing VM operation: HandshakeAllThreads done
Event: 2.959 Executing VM operation: HandshakeAllThreads
Event: 2.959 Executing VM operation: HandshakeAllThreads done
Event: 2.987 Executing VM operation: HandshakeAllThreads
Event: 2.987 Executing VM operation: HandshakeAllThreads done

Events (20 events):
Event: 3.078 loading class java/util/concurrent/SynchronousQueue$TransferQueue
Event: 3.079 loading class java/util/concurrent/SynchronousQueue$TransferQueue done
Event: 3.079 loading class java/util/concurrent/SynchronousQueue$TransferQueue$QNode
Event: 3.079 loading class java/util/concurrent/SynchronousQueue$TransferQueue$QNode done
Event: 3.081 loading class java/util/concurrent/ThreadPoolExecutor$DiscardPolicy
Event: 3.081 loading class java/util/concurrent/ThreadPoolExecutor$DiscardPolicy done
Event: 3.083 loading class java/util/concurrent/atomic/AtomicIntegerFieldUpdater
Event: 3.083 loading class java/util/concurrent/atomic/AtomicIntegerFieldUpdater done
Event: 3.083 loading class java/util/concurrent/atomic/AtomicIntegerFieldUpdater$AtomicIntegerFieldUpdaterImpl
Event: 3.084 loading class java/util/concurrent/atomic/AtomicIntegerFieldUpdater$AtomicIntegerFieldUpdaterImpl done
Event: 3.084 loading class java/util/concurrent/atomic/AtomicIntegerFieldUpdater$AtomicIntegerFieldUpdaterImpl$1
Event: 3.084 loading class java/util/concurrent/atomic/AtomicIntegerFieldUpdater$AtomicIntegerFieldUpdaterImpl$1 done
Event: 3.094 loading class java/io/StringWriter
Event: 3.094 loading class java/io/StringWriter done
Event: 3.101 loading class jdk/internal/math/FDBigInteger
Event: 3.101 loading class jdk/internal/math/FDBigInteger done
Event: 3.102 loading class java/math/MathContext
Event: 3.103 loading class java/math/MathContext done
Event: 3.104 loading class java/util/Collections$UnmodifiableMap$UnmodifiableEntrySet$UnmodifiableEntrySetSpliterator
Event: 3.104 loading class java/util/Collections$UnmodifiableMap$UnmodifiableEntrySet$UnmodifiableEntrySetSpliterator done


Dynamic libraries:
0x00007ff714570000 - 0x00007ff71457e000 	C:\Java\bin\java.exe
0x00007ff9f3b70000 - 0x00007ff9f3d68000 	C:\Windows\SYSTEM32\ntdll.dll
0x00007ff9f2450000 - 0x00007ff9f250d000 	C:\Windows\System32\KERNEL32.DLL
0x00007ff9f15c0000 - 0x00007ff9f18b6000 	C:\Windows\System32\KERNELBASE.dll
0x00007ff9f1330000 - 0x00007ff9f1430000 	C:\Windows\System32\ucrtbase.dll
0x00007ff988c10000 - 0x00007ff988c29000 	C:\Java\bin\VCRUNTIME140.dll
0x00007ff987f00000 - 0x00007ff987f17000 	C:\Java\bin\jli.dll
0x00007ff9f2150000 - 0x00007ff9f22ee000 	C:\Windows\System32\USER32.dll
0x00007ff9d0700000 - 0x00007ff9d099a000 	C:\Windows\WinSxS\amd64_microsoft.windows.common-controls_6595b64144ccf1df_6.0.19041.3636_none_60b6a03d71f818d5\COMCTL32.dll
0x00007ff9f1300000 - 0x00007ff9f1322000 	C:\Windows\System32\win32u.dll
0x00007ff9f39a0000 - 0x00007ff9f3a3e000 	C:\Windows\System32\msvcrt.dll
0x00007ff9f2e20000 - 0x00007ff9f2e4c000 	C:\Windows\System32\GDI32.dll
0x00007ff9f1a20000 - 0x00007ff9f1b3a000 	C:\Windows\System32\gdi32full.dll
0x00007ff9f14a0000 - 0x00007ff9f153d000 	C:\Windows\System32\msvcp_win.dll
0x00007ff9f2510000 - 0x00007ff9f2540000 	C:\Windows\System32\IMM32.DLL
0x00007ff9ea600000 - 0x00007ff9ea60c000 	C:\Java\bin\vcruntime140_1.dll
0x00007ff9846d0000 - 0x00007ff984761000 	C:\Java\bin\msvcp140.dll
0x00007ff983a80000 - 0x00007ff9846c4000 	C:\Java\bin\server\jvm.dll
0x00007ff9f23a0000 - 0x00007ff9f244f000 	C:\Windows\System32\ADVAPI32.dll
0x00007ff9f1be0000 - 0x00007ff9f1c7c000 	C:\Windows\System32\sechost.dll
0x00007ff9f2540000 - 0x00007ff9f2666000 	C:\Windows\System32\RPCRT4.dll
0x00007ff9d09a0000 - 0x00007ff9d09a9000 	C:\Windows\SYSTEM32\WSOCK32.dll
0x00007ff9f2b00000 - 0x00007ff9f2b6b000 	C:\Windows\System32\WS2_32.dll
0x00007ff9e4970000 - 0x00007ff9e4997000 	C:\Windows\SYSTEM32\WINMM.dll
0x00007ff9e80c0000 - 0x00007ff9e80ca000 	C:\Windows\SYSTEM32\VERSION.dll
0x00007ff9efad0000 - 0x00007ff9efae2000 	C:\Windows\SYSTEM32\kernel.appcore.dll
0x00007ff9d70a0000 - 0x00007ff9d70aa000 	C:\Java\bin\jimage.dll
0x00007ff9ef7b0000 - 0x00007ff9ef994000 	C:\Windows\SYSTEM32\DBGHELP.DLL
0x00007ff9dc020000 - 0x00007ff9dc054000 	C:\Windows\SYSTEM32\dbgcore.DLL
0x00007ff9f1b40000 - 0x00007ff9f1bc2000 	C:\Windows\System32\bcryptPrimitives.dll
0x00007ff9ea650000 - 0x00007ff9ea65e000 	C:\Java\bin\instrument.dll
0x00007ff983a50000 - 0x00007ff983a75000 	C:\Java\bin\java.dll
0x00007ff983970000 - 0x00007ff983a46000 	C:\Java\bin\jsvml.dll
0x00007ff9f2f80000 - 0x00007ff9f36c4000 	C:\Windows\System32\SHELL32.dll
0x00007ff9eef40000 - 0x00007ff9ef6db000 	C:\Windows\SYSTEM32\windows.storage.dll
0x00007ff9f2670000 - 0x00007ff9f29c4000 	C:\Windows\System32\combase.dll
0x00007ff9f0c90000 - 0x00007ff9f0cbd000 	C:\Windows\SYSTEM32\Wldp.dll
0x00007ff9f22f0000 - 0x00007ff9f239d000 	C:\Windows\System32\SHCORE.dll
0x00007ff9f2b90000 - 0x00007ff9f2be5000 	C:\Windows\System32\shlwapi.dll
0x00007ff9f1180000 - 0x00007ff9f11a5000 	C:\Windows\SYSTEM32\profapi.dll
0x00007ff983910000 - 0x00007ff983928000 	C:\Java\bin\zip.dll
0x00007ff983950000 - 0x00007ff983969000 	C:\Java\bin\net.dll
0x00007ff9ebd30000 - 0x00007ff9ebe3a000 	C:\Windows\SYSTEM32\WINHTTP.dll
0x00007ff9f09f0000 - 0x00007ff9f0a5a000 	C:\Windows\system32\mswsock.dll
0x00007ff983930000 - 0x00007ff983945000 	C:\Java\bin\nio.dll
0x00007ff9ea610000 - 0x00007ff9ea62a000 	D:\IntelliJ IDEA 2023.2.5\bin\breakgen64.dll
0x00007ff9f06e0000 - 0x00007ff9f07aa000 	C:\Windows\SYSTEM32\DNSAPI.dll
0x00007ff9f0690000 - 0x00007ff9f06cb000 	C:\Windows\SYSTEM32\IPHLPAPI.DLL
0x00007ff9f1bd0000 - 0x00007ff9f1bd8000 	C:\Windows\System32\NSI.dll
0x00007ff9e7e50000 - 0x00007ff9e7e5a000 	C:\Windows\System32\rasadhlp.dll
0x00007ff9e6e20000 - 0x00007ff9e6ea0000 	C:\Windows\System32\fwpuclnt.dll
0x00007ff9f1540000 - 0x00007ff9f1567000 	C:\Windows\System32\bcrypt.dll
0x00007ff9ea640000 - 0x00007ff9ea649000 	C:\Java\bin\management.dll
0x00007ff9ea630000 - 0x00007ff9ea63b000 	C:\Java\bin\management_ext.dll
0x00007ff9f3a40000 - 0x00007ff9f3a48000 	C:\Windows\System32\PSAPI.DLL
0x00007ff9f0be0000 - 0x00007ff9f0bf8000 	C:\Windows\SYSTEM32\CRYPTSP.dll
0x00007ff9f02b0000 - 0x00007ff9f02e4000 	C:\Windows\system32\rsaenh.dll
0x00007ff9f1100000 - 0x00007ff9f112e000 	C:\Windows\SYSTEM32\USERENV.dll
0x00007ff9f0c00000 - 0x00007ff9f0c0c000 	C:\Windows\SYSTEM32\CRYPTBASE.dll
0x00007ff9ea320000 - 0x00007ff9ea337000 	C:\Windows\SYSTEM32\dhcpcsvc6.DLL
0x00007ff9ea300000 - 0x00007ff9ea31d000 	C:\Windows\SYSTEM32\dhcpcsvc.DLL
0x00007ff9baa00000 - 0x00007ff9baa17000 	C:\Windows\system32\napinsp.dll
0x00007ff9ba9d0000 - 0x00007ff9ba9eb000 	C:\Windows\system32\pnrpnsp.dll
0x00007ff9eb6c0000 - 0x00007ff9eb6d5000 	C:\Windows\system32\wshbth.dll
0x00007ff9edf00000 - 0x00007ff9edf1d000 	C:\Windows\system32\NLAapi.dll
0x00007ff9ba9b0000 - 0x00007ff9ba9c2000 	C:\Windows\System32\winrnr.dll
0x00007ff9e89c0000 - 0x00007ff9e89ce000 	C:\Java\bin\sunmscapi.dll
0x00007ff9f18c0000 - 0x00007ff9f1a1d000 	C:\Windows\System32\CRYPT32.dll
0x00007ff9f0d00000 - 0x00007ff9f0d27000 	C:\Windows\SYSTEM32\ncrypt.dll
0x00007ff9f0cc0000 - 0x00007ff9f0cfb000 	C:\Windows\SYSTEM32\NTASN1.dll

dbghelp: loaded successfully - version: 4.0.5 - missing functions: none
symbol engine: initialized successfully - sym options: 0x614 - pdb path: .;C:\Java\bin;C:\Windows\SYSTEM32;C:\Windows\WinSxS\amd64_microsoft.windows.common-controls_6595b64144ccf1df_6.0.19041.3636_none_60b6a03d71f818d5;C:\Java\bin\server;D:\IntelliJ IDEA 2023.2.5\bin

VM Arguments:
jvm_args: -XX:TieredStopAtLevel=1 -Dspring.output.ansi.enabled=always -Dcom.sun.management.jmxremote -Dspring.jmx.enabled=true -Dspring.liveBeansView.mbeanDomain -Dspring.application.admin.enabled=true -Dmanagement.endpoints.jmx.exposure.include=* -javaagent:D:\IntelliJ IDEA 2023.2.5\lib\idea_rt.jar=51168:D:\IntelliJ IDEA 2023.2.5\bin -Dfile.encoding=UTF-8 
java_command: com.example.pbl04.Pbl04Application
java_class_path (initial): D:\PBL04\target\classes;C:\Users\DELL\.m2\repository\org\hibernate\orm\hibernate-core\6.3.1.Final\hibernate-core-6.3.1.Final.jar;C:\Users\DELL\.m2\repository\jakarta\persistence\jakarta.persistence-api\3.1.0\jakarta.persistence-api-3.1.0.jar;C:\Users\DELL\.m2\repository\jakarta\transaction\jakarta.transaction-api\2.0.1\jakarta.transaction-api-2.0.1.jar;C:\Users\DELL\.m2\repository\org\jboss\logging\jboss-logging\3.5.3.Final\jboss-logging-3.5.3.Final.jar;C:\Users\DELL\.m2\repository\org\hibernate\common\hibernate-commons-annotations\6.0.6.Final\hibernate-commons-annotations-6.0.6.Final.jar;C:\Users\DELL\.m2\repository\io\smallrye\jandex\3.1.2\jandex-3.1.2.jar;C:\Users\DELL\.m2\repository\com\fasterxml\classmate\1.6.0\classmate-1.6.0.jar;C:\Users\DELL\.m2\repository\net\bytebuddy\byte-buddy\1.14.10\byte-buddy-1.14.10.jar;C:\Users\DELL\.m2\repository\jakarta\xml\bind\jakarta.xml.bind-api\4.0.1\jakarta.xml.bind-api-4.0.1.jar;C:\Users\DELL\.m2\repository\jakarta\activation\jakarta.activation-api\2.1.2\jakarta.activation-api-2.1.2.jar;C:\Users\DELL\.m2\repository\org\glassfish\jaxb\jaxb-runtime\4.0.4\jaxb-runtime-4.0.4.jar;C:\Users\DELL\.m2\repository\org\glassfish\jaxb\jaxb-core\4.0.4\jaxb-core-4.0.4.jar;C:\Users\DELL\.m2\repository\org\eclipse\angus\angus-activation\2.0.1\angus-activation-2.0.1.jar;C:\Users\DELL\.m2\repository\org\glassfish\jaxb\txw2\4.0.4\txw2-4.0.4.jar;C:\Users\DELL\.m2\repository\com\sun\istack\istack-commons-runtime\4.1.2\istack-commons-runtime-4.1.2.jar;C:\Users\DELL\.m2\repository\jakarta\inject\jakarta.inject-api\2.0.1\jakarta.inject-api-2.0.1.jar;C:\Users\DELL\.m2\repository\org\antlr\antlr4-runtime\4.10.1\antlr4-runtime-4.10.1.jar;C:\Users\DELL\.m2\repository\org\springframework\boot\spring-boot-starter-data-jpa\3.2.0\spring-boot-starter-data-jpa-3.2.0.jar;C:\Users\DELL\.m2\repository\org\springframework\boot\spring-boot-starter-aop\3.2.0\spring-boot-starter-aop-3.2.0.jar;C:\Users\DELL\.m2\repository\org\springframe
Launcher Type: SUN_STANDARD

[Global flags]
     intx CICompilerCount                          = 4                                         {product} {ergonomic}
     uint ConcGCThreads                            = 2                                         {product} {ergonomic}
     uint G1ConcRefinementThreads                  = 8                                         {product} {ergonomic}
   size_t G1HeapRegionSize                         = 1048576                                   {product} {ergonomic}
    uintx GCDrainStackTargetSize                   = 64                                        {product} {ergonomic}
   size_t InitialHeapSize                          = 130023424                                 {product} {ergonomic}
     bool ManagementServer                         = true                                      {product} {command line}
   size_t MarkStackSize                            = 4194304                                   {product} {ergonomic}
   size_t MaxHeapSize                              = 2076180480                                {product} {ergonomic}
   size_t MaxNewSize                               = 1245708288                                {product} {ergonomic}
   size_t MinHeapDeltaBytes                        = 1048576                                   {product} {ergonomic}
   size_t MinHeapSize                              = 8388608                                   {product} {ergonomic}
    uintx NonProfiledCodeHeapSize                  = 0                                      {pd product} {ergonomic}
     bool ProfileInterpreter                       = false                                  {pd product} {command line}
    uintx ProfiledCodeHeapSize                     = 0                                      {pd product} {ergonomic}
   size_t SoftMaxHeapSize                          = 2076180480                             {manageable} {ergonomic}
     intx TieredStopAtLevel                        = 1                                         {product} {command line}
     bool UseCompressedClassPointers               = true                           {product lp64_product} {ergonomic}
     bool UseCompressedOops                        = true                           {product lp64_product} {ergonomic}
     bool UseG1GC                                  = true                                      {product} {ergonomic}
     bool UseLargePagesIndividualAllocation        = false                                  {pd product} {ergonomic}

Logging:
Log output configuration:
 #0: stdout all=warning uptime,level,tags
 #1: stderr all=off uptime,level,tags

Environment Variables:
JAVA_HOME=C:\Java\
PATH=D:\VMware\bin\;C:\Java\bin;C:\Program Files\Common Files\Oracle\Java\javapath;C:\Windows\system32;C:\Windows;C:\Windows\System32\Wbem;C:\Windows\System32\WindowsPowerShell\v1.0\;C:\Windows\System32\OpenSSH\;C:\MinGW\bin;C:\Program Files\Microsoft SQL Server\150\Tools\Binn\;C:\Program Files\Microsoft SQL Server\Client SDK\ODBC\170\Tools\Binn\;C:\Program Files (x86)\Microsoft SQL Server\150\Tools\Binn\;C:\Program Files\Microsoft SQL Server\150\DTS\Binn\;C:\Program Files\Azure Data Studio\bin;C:\Program Files (x86)\Microsoft SQL Server\150\DTS\Binn\;C:\Program Files (x86)\Microsoft SQL Server\160\Tools\Binn\;C:\Program Files\Microsoft SQL Server\160\Tools\Binn\;C:\Program Files\Microsoft SQL Server\160\DTS\Binn\;C:\Program Files (x86)\Microsoft SQL Server\160\DTS\Binn\;D:\GitHub\cmd;C:\Program Files\dotnet\;D:\MATLAB\R2023a\bin;D:\Nodejs\;D:/apache-maven-3.6.0\bin;D:\MATLAB\R2023b\bin;C:\Users\DELL\AppData\Local\Microsoft\WindowsApps;C:\Users\DELL\AppData\Local\Programs\Microsoft VS Code\bin;C:\Program Files\Azure Data Studio\bin;C:\Program Files\Azure Data Studio\bin;C:\Java\\bin;C:\Users\DELL\.dotnet\tools;C:\Users\DELL\AppData\Roaming\npm
USERNAME=DELL
OS=Windows_NT
PROCESSOR_IDENTIFIER=Intel64 Family 6 Model 140 Stepping 1, GenuineIntel
TMP=C:\Users\DELL\AppData\Local\Temp
TEMP=C:\Users\DELL\AppData\Local\Temp



---------------  S Y S T E M  ---------------

OS:
 Windows 10 , 64 bit Build 19041 (10.0.19041.3636)
OS uptime: 0 days 0:10 hours

CPU: total 8 (initial active 8) (4 cores per cpu, 2 threads per core) family 6 model 140 stepping 1 microcode 0xb4, cx8, cmov, fxsr, ht, mmx, 3dnowpref, sse, sse2, sse3, ssse3, sse4.1, sse4.2, popcnt, lzcnt, tsc, tscinvbit, avx, avx2, aes, erms, clmul, bmi1, bmi2, adx, avx512f, avx512dq, avx512cd, avx512bw, avx512vl, sha, fma, vzeroupper, avx512_vpopcntdq, avx512_vpclmulqdq, avx512_vaes, avx512_vnni, clflush, clflushopt, clwb, avx512_vbmi2, avx512_vbmi

Memory: 4k page, system-wide physical 7914M (495M free)
TotalPageFile size 8886M (AvailPageFile size 34M)
current process WorkingSet (physical memory assigned to process): 137M, peak: 140M
current process commit charge ("private bytes"): 181M, peak: 243M

vm_info: OpenJDK 64-Bit Server VM (17.0.5+8) for windows-amd64 JRE (17.0.5+8), built on Oct 19 2022 04:48:13 by "temurin" with MS VC++ 16.7 (VS2019)

END.
