#
# There is insufficient memory for the Java Runtime Environment to continue.
# Native memory allocation (mmap) failed to map 132120576 bytes for G1 virtual space
# Possible reasons:
#   The system is out of physical RAM or swap space
#   The process is running with CompressedOops enabled, and the Java Heap may be blocking the growth of the native heap
# Possible solutions:
#   Reduce memory load on the system
#   Increase physical memory or swap space
#   Check if swap backing store is full
#   Decrease Java heap size (-Xmx/-Xms)
#   Decrease number of Java threads
#   Decrease Java thread stack sizes (-Xss)
#   Set larger code cache with -XX:ReservedCodeCacheSize=
#   JVM is running with Unscaled Compressed Oops mode in which the Java heap is
#     placed in the first 4GB address space. The Java Heap base address is the
#     maximum limit for the native heap growth. Please use -XX:HeapBaseMinAddress
#     to set the Java Heap base and to place the Java Heap above 4GB virtual address.
# This output file may be truncated or incomplete.
#
#  Out of Memory Error (os_windows.cpp:3536), pid=12564, tid=12208
#
# JRE version:  (19.0.2+7) (build )
# Java VM: Java HotSpot(TM) 64-Bit Server VM (19.0.2+7-44, mixed mode, sharing, tiered, compressed oops, compressed class ptrs, g1 gc, windows-amd64)
# No core dump will be written. Minidumps are not enabled by default on client versions of Windows
#

---------------  S U M M A R Y ------------

Command Line: -Dnet.bytebuddy.agent.attacher.dump= net.bytebuddy.agent.Attacher com.sun.tools.attach.VirtualMachine 12168 C:\Users\HP\.m2\repository\net\bytebuddy\byte-buddy-agent\1.14.10\byte-buddy-agent-1.14.10.jar false 

Host: 11th Gen Intel(R) Core(TM) i5-1135G7 @ 2.40GHz, 8 cores, 7G,  Windows 11 , 64 bit Build 22000 (10.0.22000.2538)
Time: Thu Dec 28 23:42:53 2023 SE Asia Standard Time elapsed time: 0.010964 seconds (0d 0h 0m 0s)

---------------  T H R E A D  ---------------

Current thread (0x00000166a13c0720):  JavaThread "Unknown thread" [_thread_in_vm, id=12208, stack(0x00000027a1600000,0x00000027a1700000)]

Stack: [0x00000027a1600000,0x00000027a1700000]
Native frames: (J=compiled Java code, j=interpreted, Vv=VM code, C=native code)
V  [jvm.dll+0x6ee21a]
V  [jvm.dll+0x85765e]
V  [jvm.dll+0x85904e]
V  [jvm.dll+0x859703]
V  [jvm.dll+0x28298f]
V  [jvm.dll+0x6eb009]
V  [jvm.dll+0x6dfbaa]
V  [jvm.dll+0x3573f6]
V  [jvm.dll+0x35ee56]
V  [jvm.dll+0x3b541e]
V  [jvm.dll+0x3b564f]
V  [jvm.dll+0x32c9ea]
V  [jvm.dll+0x32d89e]
V  [jvm.dll+0x821780]
V  [jvm.dll+0x3c2661]
V  [jvm.dll+0x801f51]
V  [jvm.dll+0x44ae8f]
V  [jvm.dll+0x44c811]
C  [jli.dll+0x5287]
C  [ucrtbase.dll+0x26c0c]
C  [KERNEL32.DLL+0x153e0]
C  [ntdll.dll+0x485b]


---------------  P R O C E S S  ---------------

Threads class SMR info:
_java_thread_list=0x00007fff9742d048, length=0, elements={
}

Java Threads: ( => current thread )

Other Threads:
  0x00000166a141fcf0 WorkerThread "GC Thread#0" [stack: 0x00000027a1700000,0x00000027a1800000] [id=14324]
  0x00000166a14306b0 ConcurrentGCThread "G1 Main Marker" [stack: 0x00000027a1800000,0x00000027a1900000] [id=19668]
  0x00000166a14310e0 WorkerThread "G1 Conc#0" [stack: 0x00000027a1900000,0x00000027a1a00000] [id=1000]

[error occurred during error reporting (printing all threads), id 0xc0000005, EXCEPTION_ACCESS_VIOLATION (0xc0000005) at pc=0x00007fff96bed427]

VM state: not at safepoint (not fully initialized)

VM Mutex/Monitor currently owned by a thread:  ([mutex/lock_event])
[0x00000166a13bb510] Heap_lock - owner thread: 0x00000166a13c0720

Heap address: 0x0000000083a00000, size: 1990 MB, Compressed Oops mode: 32-bit

CDS archive(s) mapped at: [0x0000000000000000-0x0000000000000000-0x0000000000000000), size 0, SharedBaseAddress: 0x0000000800000000, ArchiveRelocationMode: 0.
Narrow klass base: 0x0000000000000000, Narrow klass shift: 0, Narrow klass range: 0x0

GC Precious Log:
 CardTable entry size: 512
 Card Set container configuration: InlinePtr #cards 5 size 8 Array Of Cards #cards 12 size 40 Howl #buckets 4 coarsen threshold 1843 Howl Bitmap #cards 512 size 80 coarsen threshold 460 Card regions per heap region 1 cards per card region 2048

Heap:
 garbage-first heap   total 0K, used 0K [0x0000000083a00000, 0x0000000100000000)
  region size 1024K, 0 young (0K), 0 survivors (0K)

[error occurred during error reporting (printing heap information), id 0xc0000005, EXCEPTION_ACCESS_VIOLATION (0xc0000005) at pc=0x00007fff96ff6649]

GC Heap History (0 events):
No events

Dll operation events (1 events):
Event: 0.007 Loaded shared library D:\Java\bin\java.dll

Deoptimization events (0 events):
No events

Classes loaded (0 events):
No events

Classes unloaded (0 events):
No events

Classes redefined (0 events):
No events

Internal exceptions (0 events):
No events

VM Operations (0 events):
No events

Events (0 events):
No events


Dynamic libraries:
0x00007ff6d4710000 - 0x00007ff6d4720000 	D:\Java\bin\java.exe
0x00007ff82cd00000 - 0x00007ff82cf09000 	C:\WINDOWS\SYSTEM32\ntdll.dll
0x00007ff82b320000 - 0x00007ff82b3dd000 	C:\WINDOWS\System32\KERNEL32.DLL
0x00007ff82a550000 - 0x00007ff82a8d4000 	C:\WINDOWS\System32\KERNELBASE.dll
0x00007ff82aa00000 - 0x00007ff82ab11000 	C:\WINDOWS\System32\ucrtbase.dll
0x00007ff8232c0000 - 0x00007ff8232db000 	D:\Java\bin\VCRUNTIME140.dll
0x00007ff8232e0000 - 0x00007ff8232f8000 	D:\Java\bin\jli.dll
0x00007ff82b100000 - 0x00007ff82b1ae000 	C:\WINDOWS\System32\ADVAPI32.dll
0x00007ff82b230000 - 0x00007ff82b2d3000 	C:\WINDOWS\System32\msvcrt.dll
0x00007ff82ca80000 - 0x00007ff82cb1e000 	C:\WINDOWS\System32\sechost.dll
0x00007ff82afd0000 - 0x00007ff82b0f1000 	C:\WINDOWS\System32\RPCRT4.dll
0x00007ff82bb80000 - 0x00007ff82bd2d000 	C:\WINDOWS\System32\USER32.dll
0x00007ffffaab0000 - 0x00007ffffad55000 	C:\WINDOWS\WinSxS\amd64_microsoft.windows.common-controls_6595b64144ccf1df_6.0.22000.120_none_9d947278b86cc467\COMCTL32.dll
0x00007ff82ab20000 - 0x00007ff82ab46000 	C:\WINDOWS\System32\win32u.dll
0x00007ff82bde0000 - 0x00007ff82be0a000 	C:\WINDOWS\System32\GDI32.dll
0x00007ff82a8e0000 - 0x00007ff82a9fe000 	C:\WINDOWS\System32\gdi32full.dll
0x00007ff82a200000 - 0x00007ff82a29d000 	C:\WINDOWS\System32\msvcp_win.dll
0x00007ff81f650000 - 0x00007ff81f65a000 	C:\WINDOWS\SYSTEM32\VERSION.dll
0x00007ff82b2e0000 - 0x00007ff82b311000 	C:\WINDOWS\System32\IMM32.DLL
0x00007ff823290000 - 0x00007ff82329c000 	D:\Java\bin\vcruntime140_1.dll
0x00007ff8205c0000 - 0x00007ff82064e000 	D:\Java\bin\msvcp140.dll
0x00007fff968b0000 - 0x00007fff97570000 	D:\Java\bin\server\jvm.dll
0x00007ff820420000 - 0x00007ff820453000 	C:\WINDOWS\SYSTEM32\WINMM.dll
0x00007ff823690000 - 0x00007ff823699000 	C:\WINDOWS\SYSTEM32\WSOCK32.dll
0x00007ff82cc40000 - 0x00007ff82ccaf000 	C:\WINDOWS\System32\WS2_32.dll
0x00007ff8292f0000 - 0x00007ff829308000 	C:\WINDOWS\SYSTEM32\kernel.appcore.dll
0x00007ff8232b0000 - 0x00007ff8232ba000 	D:\Java\bin\jimage.dll
0x00007ff827a10000 - 0x00007ff827c31000 	C:\WINDOWS\SYSTEM32\DBGHELP.DLL
0x00007ff814ec0000 - 0x00007ff814ef1000 	C:\WINDOWS\SYSTEM32\dbgcore.DLL
0x00007ff82a410000 - 0x00007ff82a48f000 	C:\WINDOWS\System32\bcryptPrimitives.dll
0x00007ff820f80000 - 0x00007ff820fa6000 	D:\Java\bin\java.dll

dbghelp: loaded successfully - version: 4.0.5 - missing functions: none
symbol engine: initialized successfully - sym options: 0x614 - pdb path: .;D:\Java\bin;C:\WINDOWS\SYSTEM32;C:\WINDOWS\WinSxS\amd64_microsoft.windows.common-controls_6595b64144ccf1df_6.0.22000.120_none_9d947278b86cc467;D:\Java\bin\server

VM Arguments:
jvm_args: -Dnet.bytebuddy.agent.attacher.dump= 
java_command: net.bytebuddy.agent.Attacher com.sun.tools.attach.VirtualMachine 12168 C:\Users\HP\.m2\repository\net\bytebuddy\byte-buddy-agent\1.14.10\byte-buddy-agent-1.14.10.jar false 
java_class_path (initial): C:\Users\HP\.m2\repository\net\bytebuddy\byte-buddy-agent\1.14.10\byte-buddy-agent-1.14.10.jar
Launcher Type: SUN_STANDARD

[Global flags]
     intx CICompilerCount                          = 4                                         {product} {ergonomic}
     uint ConcGCThreads                            = 2                                         {product} {ergonomic}
     uint G1ConcRefinementThreads                  = 8                                         {product} {ergonomic}
   size_t G1HeapRegionSize                         = 1048576                                   {product} {ergonomic}
    uintx GCDrainStackTargetSize                   = 64                                        {product} {ergonomic}
   size_t InitialHeapSize                          = 132120576                                 {product} {ergonomic}
   size_t MarkStackSize                            = 4194304                                   {product} {ergonomic}
   size_t MaxHeapSize                              = 2086666240                                {product} {ergonomic}
   size_t MinHeapDeltaBytes                        = 1048576                                   {product} {ergonomic}
   size_t MinHeapSize                              = 8388608                                   {product} {ergonomic}
    uintx NonNMethodCodeHeapSize                   = 5839372                                {pd product} {ergonomic}
    uintx NonProfiledCodeHeapSize                  = 122909434                              {pd product} {ergonomic}
    uintx ProfiledCodeHeapSize                     = 122909434                              {pd product} {ergonomic}
    uintx ReservedCodeCacheSize                    = 251658240                              {pd product} {ergonomic}
     bool SegmentedCodeCache                       = true                                      {product} {ergonomic}
   size_t SoftMaxHeapSize                          = 2086666240                             {manageable} {ergonomic}
     bool UseCompressedClassPointers               = true                           {product lp64_product} {ergonomic}
     bool UseCompressedOops                        = true                           {product lp64_product} {ergonomic}
     bool UseG1GC                                  = true                                      {product} {ergonomic}
     bool UseLargePagesIndividualAllocation        = false                                  {pd product} {ergonomic}

Logging:
Log output configuration:
 #0: stdout all=warning uptime,level,tags foldmultilines=false
 #1: stderr all=off uptime,level,tags foldmultilines=false

Environment Variables:
PATH=C:\Program Files\Common Files\Oracle\Java\javapath;D:\Download\Ubutun\vmware\bin\;C:\windows\system32;C:\windows;C:\windows\System32\Wbem;C:\windows\System32\WindowsPowerShell\v1.0\;C:\windows\System32\OpenSSH\;C:\Program Files (x86)\NVIDIA Corporation\PhysX\Common;C:\Program Files\NVIDIA Corporation\NVIDIA NvDLISR;C:\WINDOWS\system32;C:\WINDOWS;C:\WINDOWS\System32\Wbem;C:\WINDOWS\System32\WindowsPowerShell\v1.0\;C:\WINDOWS\System32\OpenSSH\;C:\MinGW\bin;C:\Program Files\Azure Data Studio\bin;C:\Program Files\Microsoft SQL Server\Client SDK\ODBC\170\Tools\Binn\;C:\Program Files (x86)\Microsoft SQL Server\150\Tools\Binn\;C:\Program Files\Microsoft SQL Server\150\Tools\Binn\;C:\Program Files\Microsoft SQL Server\150\DTS\Binn\;C:\Program Files\dotnet\;C:\Program Files (x86)\Microsoft SQL Server\160\Tools\Binn\;C:\Program Files\Microsoft SQL Server\160\Tools\Binn\;C:\Program Files\Microsoft SQL Server\160\DTS\Binn\;D:\xampp\php;D:\Download\Dev-Cpp\eigen-3.4.0\eigen-3.4.0;C:\Program Files\Git\cmd;D:\Download\apache-maven-3.9.5\bin;D:\Java\bin;C:\Program Files\MySQL\MySQL Server 8.0\bin;C:\Users\HP\AppData\Local\Microsoft\WindowsApps;C:\Users\HP\AppData\Roaming\npm;D:\Program Files\nodejs;C:\Program Files\Azure Data Studio\bin;E:\Users\HP\AppData\Local\Programs\Microsoft VS Code\bin;C:\Users\HP\.dotnet\tools;C:\Program Files\MySQL\MySQL Workbench 8.0\MySQLWorkbench.exe.config;
USERNAME=HP
OS=Windows_NT
PROCESSOR_IDENTIFIER=Intel64 Family 6 Model 140 Stepping 1, GenuineIntel
TMP=C:\Users\HP\AppData\Local\Temp
TEMP=C:\Users\HP\AppData\Local\Temp



---------------  S Y S T E M  ---------------

OS:
 Windows 11 , 64 bit Build 22000 (10.0.22000.2538)
OS uptime: 0 days 13:51 hours

CPU: total 8 (initial active 8) (4 cores per cpu, 2 threads per core) family 6 model 140 stepping 1 microcode 0x86, cx8, cmov, fxsr, ht, mmx, 3dnowpref, sse, sse2, sse3, ssse3, sse4.1, sse4.2, popcnt, lzcnt, tsc, tscinvbit, avx, avx2, aes, erms, clmul, bmi1, bmi2, adx, avx512f, avx512dq, avx512cd, avx512bw, avx512vl, sha, fma, vzeroupper, avx512_vpopcntdq, avx512_vpclmulqdq, avx512_vaes, avx512_vnni, clflush, clflushopt, clwb, avx512_vbmi2, avx512_vbmi, rdtscp, rdpid, fsrm, gfni, avx512_bitalg

Memory: 4k page, system-wide physical 7957M (334M free)
TotalPageFile size 17025M (AvailPageFile size 113M)
current process WorkingSet (physical memory assigned to process): 10M, peak: 10M
current process commit charge ("private bytes"): 60M, peak: 186M

vm_info: Java HotSpot(TM) 64-Bit Server VM (19.0.2+7-44) for windows-amd64 JRE (19.0.2+7-44), built on 2022-11-30T18:02:09Z by "mach5one" with MS VC++ 17.1 (VS2022)

END.
